CRITICAL - 2024-03-19 17:43:02 --> ErrorException: Undefined variable $nome
in APPPATH/Views/editar.php on line 34.
 1 APPPATH/Views/editar.php(34): CodeIgniter\Debug\Exceptions->errorHandler()
 2 SYSTEMPATH/View/View.php(228): include('/media/guest-fdcd8d/CORTEZ/DS1/aula5/codeigniter4-framework-7d393f8/app/Views/editar.php')
 3 SYSTEMPATH/View/View.php(231): CodeIgniter\View\View->CodeIgniter\View\{closure}()
 4 SYSTEMPATH/Common.php(1178): CodeIgniter\View\View->render()
 5 APPPATH/Controllers/Home.php(57): view()
 6 SYSTEMPATH/CodeIgniter.php(941): App\Controllers\Home->editData()
 7 SYSTEMPATH/CodeIgniter.php(502): CodeIgniter\CodeIgniter->runController()
 8 SYSTEMPATH/CodeIgniter.php(361): CodeIgniter\CodeIgniter->handleRequest()
 9 FCPATH/index.php(79): CodeIgniter\CodeIgniter->run()
10 SYSTEMPATH/Commands/Server/rewrite.php(47): require_once('/media/guest-fdcd8d/CORTEZ/DS1/aula5/codeigniter4-framework-7d393f8/public/index.php')
CRITICAL - 2024-03-19 17:43:06 --> ErrorException: Undefined variable $nome
in APPPATH/Views/editar.php on line 34.
 1 APPPATH/Views/editar.php(34): CodeIgniter\Debug\Exceptions->errorHandler()
 2 SYSTEMPATH/View/View.php(228): include('/media/guest-fdcd8d/CORTEZ/DS1/aula5/codeigniter4-framework-7d393f8/app/Views/editar.php')
 3 SYSTEMPATH/View/View.php(231): CodeIgniter\View\View->CodeIgniter\View\{closure}()
 4 SYSTEMPATH/Common.php(1178): CodeIgniter\View\View->render()
 5 APPPATH/Controllers/Home.php(57): view()
 6 SYSTEMPATH/CodeIgniter.php(941): App\Controllers\Home->editData()
 7 SYSTEMPATH/CodeIgniter.php(502): CodeIgniter\CodeIgniter->runController()
 8 SYSTEMPATH/CodeIgniter.php(361): CodeIgniter\CodeIgniter->handleRequest()
 9 FCPATH/index.php(79): CodeIgniter\CodeIgniter->run()
10 SYSTEMPATH/Commands/Server/rewrite.php(47): require_once('/media/guest-fdcd8d/CORTEZ/DS1/aula5/codeigniter4-framework-7d393f8/public/index.php')
CRITICAL - 2024-03-19 17:43:16 --> ErrorException: Undefined variable $nome
in APPPATH/Views/editar.php on line 34.
 1 APPPATH/Views/editar.php(34): CodeIgniter\Debug\Exceptions->errorHandler()
 2 SYSTEMPATH/View/View.php(228): include('/media/guest-fdcd8d/CORTEZ/DS1/aula5/codeigniter4-framework-7d393f8/app/Views/editar.php')
 3 SYSTEMPATH/View/View.php(231): CodeIgniter\View\View->CodeIgniter\View\{closure}()
 4 SYSTEMPATH/Common.php(1178): CodeIgniter\View\View->render()
 5 APPPATH/Controllers/Home.php(57): view()
 6 SYSTEMPATH/CodeIgniter.php(941): App\Controllers\Home->editData()
 7 SYSTEMPATH/CodeIgniter.php(502): CodeIgniter\CodeIgniter->runController()
 8 SYSTEMPATH/CodeIgniter.php(361): CodeIgniter\CodeIgniter->handleRequest()
 9 FCPATH/index.php(79): CodeIgniter\CodeIgniter->run()
10 SYSTEMPATH/Commands/Server/rewrite.php(47): require_once('/media/guest-fdcd8d/CORTEZ/DS1/aula5/codeigniter4-framework-7d393f8/public/index.php')
CRITICAL - 2024-03-19 17:43:46 --> ErrorException: Undefined variable $result
in APPPATH/Views/editar.php on line 34.
 1 APPPATH/Views/editar.php(34): CodeIgniter\Debug\Exceptions->errorHandler()
 2 SYSTEMPATH/View/View.php(228): include('/media/guest-fdcd8d/CORTEZ/DS1/aula5/codeigniter4-framework-7d393f8/app/Views/editar.php')
 3 SYSTEMPATH/View/View.php(231): CodeIgniter\View\View->CodeIgniter\View\{closure}()
 4 SYSTEMPATH/Common.php(1178): CodeIgniter\View\View->render()
 5 APPPATH/Controllers/Home.php(57): view()
 6 SYSTEMPATH/CodeIgniter.php(941): App\Controllers\Home->editData()
 7 SYSTEMPATH/CodeIgniter.php(502): CodeIgniter\CodeIgniter->runController()
 8 SYSTEMPATH/CodeIgniter.php(361): CodeIgniter\CodeIgniter->handleRequest()
 9 FCPATH/index.php(79): CodeIgniter\CodeIgniter->run()
10 SYSTEMPATH/Commands/Server/rewrite.php(47): require_once('/media/guest-fdcd8d/CORTEZ/DS1/aula5/codeigniter4-framework-7d393f8/public/index.php')
CRITICAL - 2024-03-19 17:44:00 --> ErrorException: Undefined variable $result
in APPPATH/Views/editar.php on line 34.
 1 APPPATH/Views/editar.php(34): CodeIgniter\Debug\Exceptions->errorHandler()
 2 SYSTEMPATH/View/View.php(228): include('/media/guest-fdcd8d/CORTEZ/DS1/aula5/codeigniter4-framework-7d393f8/app/Views/editar.php')
 3 SYSTEMPATH/View/View.php(231): CodeIgniter\View\View->CodeIgniter\View\{closure}()
 4 SYSTEMPATH/Common.php(1178): CodeIgniter\View\View->render()
 5 APPPATH/Controllers/Home.php(57): view()
 6 SYSTEMPATH/CodeIgniter.php(941): App\Controllers\Home->editData()
 7 SYSTEMPATH/CodeIgniter.php(502): CodeIgniter\CodeIgniter->runController()
 8 SYSTEMPATH/CodeIgniter.php(361): CodeIgniter\CodeIgniter->handleRequest()
 9 FCPATH/index.php(79): CodeIgniter\CodeIgniter->run()
10 SYSTEMPATH/Commands/Server/rewrite.php(47): require_once('/media/guest-fdcd8d/CORTEZ/DS1/aula5/codeigniter4-framework-7d393f8/public/index.php')
CRITICAL - 2024-03-19 17:44:11 --> ErrorException: Undefined variable $resultado
in APPPATH/Views/editar.php on line 34.
 1 APPPATH/Views/editar.php(34): CodeIgniter\Debug\Exceptions->errorHandler()
 2 SYSTEMPATH/View/View.php(228): include('/media/guest-fdcd8d/CORTEZ/DS1/aula5/codeigniter4-framework-7d393f8/app/Views/editar.php')
 3 SYSTEMPATH/View/View.php(231): CodeIgniter\View\View->CodeIgniter\View\{closure}()
 4 SYSTEMPATH/Common.php(1178): CodeIgniter\View\View->render()
 5 APPPATH/Controllers/Home.php(57): view()
 6 SYSTEMPATH/CodeIgniter.php(941): App\Controllers\Home->editData()
 7 SYSTEMPATH/CodeIgniter.php(502): CodeIgniter\CodeIgniter->runController()
 8 SYSTEMPATH/CodeIgniter.php(361): CodeIgniter\CodeIgniter->handleRequest()
 9 FCPATH/index.php(79): CodeIgniter\CodeIgniter->run()
10 SYSTEMPATH/Commands/Server/rewrite.php(47): require_once('/media/guest-fdcd8d/CORTEZ/DS1/aula5/codeigniter4-framework-7d393f8/public/index.php')
CRITICAL - 2024-03-19 17:44:18 --> ErrorException: Undefined variable $data
in APPPATH/Views/editar.php on line 34.
 1 APPPATH/Views/editar.php(34): CodeIgniter\Debug\Exceptions->errorHandler()
 2 SYSTEMPATH/View/View.php(228): include('/media/guest-fdcd8d/CORTEZ/DS1/aula5/codeigniter4-framework-7d393f8/app/Views/editar.php')
 3 SYSTEMPATH/View/View.php(231): CodeIgniter\View\View->CodeIgniter\View\{closure}()
 4 SYSTEMPATH/Common.php(1178): CodeIgniter\View\View->render()
 5 APPPATH/Controllers/Home.php(57): view()
 6 SYSTEMPATH/CodeIgniter.php(941): App\Controllers\Home->editData()
 7 SYSTEMPATH/CodeIgniter.php(502): CodeIgniter\CodeIgniter->runController()
 8 SYSTEMPATH/CodeIgniter.php(361): CodeIgniter\CodeIgniter->handleRequest()
 9 FCPATH/index.php(79): CodeIgniter\CodeIgniter->run()
10 SYSTEMPATH/Commands/Server/rewrite.php(47): require_once('/media/guest-fdcd8d/CORTEZ/DS1/aula5/codeigniter4-framework-7d393f8/public/index.php')
CRITICAL - 2024-03-19 17:58:02 --> ErrorException: Undefined variable $id
in APPPATH/Controllers/Home.php on line 69.
 1 APPPATH/Controllers/Home.php(69): CodeIgniter\Debug\Exceptions->errorHandler()
 2 SYSTEMPATH/CodeIgniter.php(941): App\Controllers\Home->updateData()
 3 SYSTEMPATH/CodeIgniter.php(502): CodeIgniter\CodeIgniter->runController()
 4 SYSTEMPATH/CodeIgniter.php(361): CodeIgniter\CodeIgniter->handleRequest()
 5 FCPATH/index.php(79): CodeIgniter\CodeIgniter->run()
 6 SYSTEMPATH/Commands/Server/rewrite.php(47): require_once('/media/guest-fdcd8d/CORTEZ/DS1/aula5/codeigniter4-framework-7d393f8/public/index.php')
CRITICAL - 2024-03-19 18:00:04 --> CodeIgniter\Database\Exceptions\DatabaseException: Updates are not allowed unless they contain a "where" or "like" clause.
in SYSTEMPATH/Model.php on line 388.
 1 SYSTEMPATH/BaseModel.php(987): CodeIgniter\Model->doUpdate()
 2 SYSTEMPATH/Model.php(807): CodeIgniter\BaseModel->update()
 3 APPPATH/Controllers/Home.php(70): CodeIgniter\Model->update()
 4 SYSTEMPATH/CodeIgniter.php(941): App\Controllers\Home->updateData()
 5 SYSTEMPATH/CodeIgniter.php(502): CodeIgniter\CodeIgniter->runController()
 6 SYSTEMPATH/CodeIgniter.php(361): CodeIgniter\CodeIgniter->handleRequest()
 7 FCPATH/index.php(79): CodeIgniter\CodeIgniter->run()
 8 SYSTEMPATH/Commands/Server/rewrite.php(47): require_once('/media/guest-fdcd8d/CORTEZ/DS1/aula5/codeigniter4-framework-7d393f8/public/index.php')
CRITICAL - 2024-03-19 18:52:01 --> ErrorException: Undefined variable $nome
in APPPATH/Views/resultado.php on line 30.
 1 APPPATH/Views/resultado.php(30): CodeIgniter\Debug\Exceptions->errorHandler()
 2 SYSTEMPATH/View/View.php(228): include('/media/guest-g8gnhs/CORTEZ/DS1/aula5/codeigniter4-framework-7d393f8/app/Views/resultado.php')
 3 SYSTEMPATH/View/View.php(231): CodeIgniter\View\View->CodeIgniter\View\{closure}()
 4 SYSTEMPATH/Common.php(1178): CodeIgniter\View\View->render()
 5 APPPATH/Controllers/Home.php(15): view()
 6 SYSTEMPATH/CodeIgniter.php(941): App\Controllers\Home->resultado()
 7 SYSTEMPATH/CodeIgniter.php(502): CodeIgniter\CodeIgniter->runController()
 8 SYSTEMPATH/CodeIgniter.php(361): CodeIgniter\CodeIgniter->handleRequest()
 9 FCPATH/index.php(79): CodeIgniter\CodeIgniter->run()
10 SYSTEMPATH/Commands/Server/rewrite.php(47): require_once('/media/guest-g8gnhs/CORTEZ/DS1/aula5/codeigniter4-framework-7d393f8/public/index.php')
CRITICAL - 2024-03-19 18:57:25 --> ErrorException: Undefined variable $nome
in APPPATH/Views/resultado.php on line 30.
 1 APPPATH/Views/resultado.php(30): CodeIgniter\Debug\Exceptions->errorHandler()
 2 SYSTEMPATH/View/View.php(228): include('/media/guest-g8gnhs/CORTEZ/DS1/aula5/codeigniter4-framework-7d393f8/app/Views/resultado.php')
 3 SYSTEMPATH/View/View.php(231): CodeIgniter\View\View->CodeIgniter\View\{closure}()
 4 SYSTEMPATH/Common.php(1178): CodeIgniter\View\View->render()
 5 APPPATH/Controllers/Home.php(78): view()
 6 SYSTEMPATH/CodeIgniter.php(941): App\Controllers\Home->pesquisar()
 7 SYSTEMPATH/CodeIgniter.php(502): CodeIgniter\CodeIgniter->runController()
 8 SYSTEMPATH/CodeIgniter.php(361): CodeIgniter\CodeIgniter->handleRequest()
 9 FCPATH/index.php(79): CodeIgniter\CodeIgniter->run()
10 SYSTEMPATH/Commands/Server/rewrite.php(47): require_once('/media/guest-g8gnhs/CORTEZ/DS1/aula5/codeigniter4-framework-7d393f8/public/index.php')
CRITICAL - 2024-03-19 19:10:53 --> TypeError: view(): Argument #2 ($data) must be of type array, CodeIgniter\Database\MySQLi\Builder given, called in /media/guest-g8gnhs/CORTEZ/DS1/aula5/codeigniter4-framework-7d393f8/app/Controllers/Home.php on line 88
in SYSTEMPATH/Common.php on line 1166.
 1 APPPATH/Controllers/Home.php(88): view()
 2 SYSTEMPATH/CodeIgniter.php(941): App\Controllers\Home->pesquisar()
 3 SYSTEMPATH/CodeIgniter.php(502): CodeIgniter\CodeIgniter->runController()
 4 SYSTEMPATH/CodeIgniter.php(361): CodeIgniter\CodeIgniter->handleRequest()
 5 FCPATH/index.php(79): CodeIgniter\CodeIgniter->run()
 6 SYSTEMPATH/Commands/Server/rewrite.php(47): require_once('/media/guest-g8gnhs/CORTEZ/DS1/aula5/codeigniter4-framework-7d393f8/public/index.php')
CRITICAL - 2024-03-19 19:12:47 --> Error: Call to undefined method CodeIgniter\Database\MySQLi\Builder::getResult()
in APPPATH/Controllers/Home.php on line 77.
 1 SYSTEMPATH/CodeIgniter.php(941): App\Controllers\Home->pesquisar()
 2 SYSTEMPATH/CodeIgniter.php(502): CodeIgniter\CodeIgniter->runController()
 3 SYSTEMPATH/CodeIgniter.php(361): CodeIgniter\CodeIgniter->handleRequest()
 4 FCPATH/index.php(79): CodeIgniter\CodeIgniter->run()
 5 SYSTEMPATH/Commands/Server/rewrite.php(47): require_once('/media/guest-g8gnhs/CORTEZ/DS1/aula5/codeigniter4-framework-7d393f8/public/index.php')
CRITICAL - 2024-03-19 19:12:51 --> Error: Call to undefined method CodeIgniter\Database\MySQLi\Builder::getResult()
in APPPATH/Controllers/Home.php on line 77.
 1 SYSTEMPATH/CodeIgniter.php(941): App\Controllers\Home->pesquisar()
 2 SYSTEMPATH/CodeIgniter.php(502): CodeIgniter\CodeIgniter->runController()
 3 SYSTEMPATH/CodeIgniter.php(361): CodeIgniter\CodeIgniter->handleRequest()
 4 FCPATH/index.php(79): CodeIgniter\CodeIgniter->run()
 5 SYSTEMPATH/Commands/Server/rewrite.php(47): require_once('/media/guest-g8gnhs/CORTEZ/DS1/aula5/codeigniter4-framework-7d393f8/public/index.php')
CRITICAL - 2024-03-19 19:16:00 --> Error: Call to undefined method CodeIgniter\Database\MySQLi\Builder::getResult()
in APPPATH/Controllers/Home.php on line 77.
 1 SYSTEMPATH/CodeIgniter.php(941): App\Controllers\Home->pesquisar()
 2 SYSTEMPATH/CodeIgniter.php(502): CodeIgniter\CodeIgniter->runController()
 3 SYSTEMPATH/CodeIgniter.php(361): CodeIgniter\CodeIgniter->handleRequest()
 4 FCPATH/index.php(79): CodeIgniter\CodeIgniter->run()
 5 SYSTEMPATH/Commands/Server/rewrite.php(47): require_once('/media/guest-g8gnhs/CORTEZ/DS1/aula5/codeigniter4-framework-7d393f8/public/index.php')
CRITICAL - 2024-03-19 19:18:05 --> TypeError: view(): Argument #2 ($data) must be of type array, CodeIgniter\Database\MySQLi\Result given, called in /media/guest-g8gnhs/CORTEZ/DS1/aula5/codeigniter4-framework-7d393f8/app/Controllers/Home.php on line 89
in SYSTEMPATH/Common.php on line 1166.
 1 APPPATH/Controllers/Home.php(89): view()
 2 SYSTEMPATH/CodeIgniter.php(941): App\Controllers\Home->pesquisar()
 3 SYSTEMPATH/CodeIgniter.php(502): CodeIgniter\CodeIgniter->runController()
 4 SYSTEMPATH/CodeIgniter.php(361): CodeIgniter\CodeIgniter->handleRequest()
 5 FCPATH/index.php(79): CodeIgniter\CodeIgniter->run()
 6 SYSTEMPATH/Commands/Server/rewrite.php(47): require_once('/media/guest-g8gnhs/CORTEZ/DS1/aula5/codeigniter4-framework-7d393f8/public/index.php')
CRITICAL - 2024-03-19 19:18:28 --> TypeError: view(): Argument #2 ($data) must be of type array, CodeIgniter\Database\MySQLi\Result given, called in /media/guest-g8gnhs/CORTEZ/DS1/aula5/codeigniter4-framework-7d393f8/app/Controllers/Home.php on line 89
in SYSTEMPATH/Common.php on line 1166.
 1 APPPATH/Controllers/Home.php(89): view()
 2 SYSTEMPATH/CodeIgniter.php(941): App\Controllers\Home->pesquisar()
 3 SYSTEMPATH/CodeIgniter.php(502): CodeIgniter\CodeIgniter->runController()
 4 SYSTEMPATH/CodeIgniter.php(361): CodeIgniter\CodeIgniter->handleRequest()
 5 FCPATH/index.php(79): CodeIgniter\CodeIgniter->run()
 6 SYSTEMPATH/Commands/Server/rewrite.php(47): require_once('/media/guest-g8gnhs/CORTEZ/DS1/aula5/codeigniter4-framework-7d393f8/public/index.php')
CRITICAL - 2024-03-19 19:18:58 --> Error: Call to undefined method CodeIgniter\Database\MySQLi\Builder::getResult()
in APPPATH/Controllers/Home.php on line 77.
 1 SYSTEMPATH/CodeIgniter.php(941): App\Controllers\Home->pesquisar()
 2 SYSTEMPATH/CodeIgniter.php(502): CodeIgniter\CodeIgniter->runController()
 3 SYSTEMPATH/CodeIgniter.php(361): CodeIgniter\CodeIgniter->handleRequest()
 4 FCPATH/index.php(79): CodeIgniter\CodeIgniter->run()
 5 SYSTEMPATH/Commands/Server/rewrite.php(47): require_once('/media/guest-g8gnhs/CORTEZ/DS1/aula5/codeigniter4-framework-7d393f8/public/index.php')
CRITICAL - 2024-03-19 19:45:32 --> ErrorException: Undefined variable $resultado
in APPPATH/Views/pesquisa.php on line 29.
 1 APPPATH/Views/pesquisa.php(29): CodeIgniter\Debug\Exceptions->errorHandler()
 2 SYSTEMPATH/View/View.php(228): include('/media/guest-g8gnhs/CORTEZ/DS1/aula5/codeigniter4-framework-7d393f8/app/Views/pesquisa.php')
 3 SYSTEMPATH/View/View.php(231): CodeIgniter\View\View->CodeIgniter\View\{closure}()
 4 SYSTEMPATH/Common.php(1178): CodeIgniter\View\View->render()
 5 APPPATH/Controllers/Home.php(88): view()
 6 SYSTEMPATH/CodeIgniter.php(941): App\Controllers\Home->pesquisar()
 7 SYSTEMPATH/CodeIgniter.php(502): CodeIgniter\CodeIgniter->runController()
 8 SYSTEMPATH/CodeIgniter.php(361): CodeIgniter\CodeIgniter->handleRequest()
 9 FCPATH/index.php(79): CodeIgniter\CodeIgniter->run()
10 SYSTEMPATH/Commands/Server/rewrite.php(47): require_once('/media/guest-g8gnhs/CORTEZ/DS1/aula5/codeigniter4-framework-7d393f8/public/index.php')
CRITICAL - 2024-03-19 19:45:47 --> ErrorException: Undefined variable $resultado
in APPPATH/Views/pesquisa.php on line 29.
 1 APPPATH/Views/pesquisa.php(29): CodeIgniter\Debug\Exceptions->errorHandler()
 2 SYSTEMPATH/View/View.php(228): include('/media/guest-g8gnhs/CORTEZ/DS1/aula5/codeigniter4-framework-7d393f8/app/Views/pesquisa.php')
 3 SYSTEMPATH/View/View.php(231): CodeIgniter\View\View->CodeIgniter\View\{closure}()
 4 SYSTEMPATH/Common.php(1178): CodeIgniter\View\View->render()
 5 APPPATH/Controllers/Home.php(88): view()
 6 SYSTEMPATH/CodeIgniter.php(941): App\Controllers\Home->pesquisar()
 7 SYSTEMPATH/CodeIgniter.php(502): CodeIgniter\CodeIgniter->runController()
 8 SYSTEMPATH/CodeIgniter.php(361): CodeIgniter\CodeIgniter->handleRequest()
 9 FCPATH/index.php(79): CodeIgniter\CodeIgniter->run()
10 SYSTEMPATH/Commands/Server/rewrite.php(47): require_once('/media/guest-g8gnhs/CORTEZ/DS1/aula5/codeigniter4-framework-7d393f8/public/index.php')
CRITICAL - 2024-03-19 19:45:50 --> ErrorException: Undefined variable $resultado
in APPPATH/Views/pesquisa.php on line 29.
 1 APPPATH/Views/pesquisa.php(29): CodeIgniter\Debug\Exceptions->errorHandler()
 2 SYSTEMPATH/View/View.php(228): include('/media/guest-g8gnhs/CORTEZ/DS1/aula5/codeigniter4-framework-7d393f8/app/Views/pesquisa.php')
 3 SYSTEMPATH/View/View.php(231): CodeIgniter\View\View->CodeIgniter\View\{closure}()
 4 SYSTEMPATH/Common.php(1178): CodeIgniter\View\View->render()
 5 APPPATH/Controllers/Home.php(88): view()
 6 SYSTEMPATH/CodeIgniter.php(941): App\Controllers\Home->pesquisar()
 7 SYSTEMPATH/CodeIgniter.php(502): CodeIgniter\CodeIgniter->runController()
 8 SYSTEMPATH/CodeIgniter.php(361): CodeIgniter\CodeIgniter->handleRequest()
 9 FCPATH/index.php(79): CodeIgniter\CodeIgniter->run()
10 SYSTEMPATH/Commands/Server/rewrite.php(47): require_once('/media/guest-g8gnhs/CORTEZ/DS1/aula5/codeigniter4-framework-7d393f8/public/index.php')
CRITICAL - 2024-03-19 19:46:48 --> ErrorException: Undefined variable $nome
in APPPATH/Views/pesquisa.php on line 29.
 1 APPPATH/Views/pesquisa.php(29): CodeIgniter\Debug\Exceptions->errorHandler()
 2 SYSTEMPATH/View/View.php(228): include('/media/guest-g8gnhs/CORTEZ/DS1/aula5/codeigniter4-framework-7d393f8/app/Views/pesquisa.php')
 3 SYSTEMPATH/View/View.php(231): CodeIgniter\View\View->CodeIgniter\View\{closure}()
 4 SYSTEMPATH/Common.php(1178): CodeIgniter\View\View->render()
 5 APPPATH/Controllers/Home.php(88): view()
 6 SYSTEMPATH/CodeIgniter.php(941): App\Controllers\Home->pesquisar()
 7 SYSTEMPATH/CodeIgniter.php(502): CodeIgniter\CodeIgniter->runController()
 8 SYSTEMPATH/CodeIgniter.php(361): CodeIgniter\CodeIgniter->handleRequest()
 9 FCPATH/index.php(79): CodeIgniter\CodeIgniter->run()
10 SYSTEMPATH/Commands/Server/rewrite.php(47): require_once('/media/guest-g8gnhs/CORTEZ/DS1/aula5/codeigniter4-framework-7d393f8/public/index.php')
CRITICAL - 2024-03-19 19:47:17 --> TypeError: view(): Argument #2 ($data) must be of type array, CodeIgniter\Database\MySQLi\Result given, called in /media/guest-g8gnhs/CORTEZ/DS1/aula5/codeigniter4-framework-7d393f8/app/Controllers/Home.php on line 88
in SYSTEMPATH/Common.php on line 1166.
 1 APPPATH/Controllers/Home.php(88): view()
 2 SYSTEMPATH/CodeIgniter.php(941): App\Controllers\Home->pesquisar()
 3 SYSTEMPATH/CodeIgniter.php(502): CodeIgniter\CodeIgniter->runController()
 4 SYSTEMPATH/CodeIgniter.php(361): CodeIgniter\CodeIgniter->handleRequest()
 5 FCPATH/index.php(79): CodeIgniter\CodeIgniter->run()
 6 SYSTEMPATH/Commands/Server/rewrite.php(47): require_once('/media/guest-g8gnhs/CORTEZ/DS1/aula5/codeigniter4-framework-7d393f8/public/index.php')
CRITICAL - 2024-03-19 19:47:45 --> ErrorException: Undefined property: CodeIgniter\Database\MySQLi\Result::$getResult
in APPPATH/Controllers/Home.php on line 76.
 1 APPPATH/Controllers/Home.php(76): CodeIgniter\Debug\Exceptions->errorHandler()
 2 SYSTEMPATH/CodeIgniter.php(941): App\Controllers\Home->pesquisar()
 3 SYSTEMPATH/CodeIgniter.php(502): CodeIgniter\CodeIgniter->runController()
 4 SYSTEMPATH/CodeIgniter.php(361): CodeIgniter\CodeIgniter->handleRequest()
 5 FCPATH/index.php(79): CodeIgniter\CodeIgniter->run()
 6 SYSTEMPATH/Commands/Server/rewrite.php(47): require_once('/media/guest-g8gnhs/CORTEZ/DS1/aula5/codeigniter4-framework-7d393f8/public/index.php')
CRITICAL - 2024-03-19 19:47:59 --> ErrorException: Undefined variable $result
in APPPATH/Views/pesquisa.php on line 29.
 1 APPPATH/Views/pesquisa.php(29): CodeIgniter\Debug\Exceptions->errorHandler()
 2 SYSTEMPATH/View/View.php(228): include('/media/guest-g8gnhs/CORTEZ/DS1/aula5/codeigniter4-framework-7d393f8/app/Views/pesquisa.php')
 3 SYSTEMPATH/View/View.php(231): CodeIgniter\View\View->CodeIgniter\View\{closure}()
 4 SYSTEMPATH/Common.php(1178): CodeIgniter\View\View->render()
 5 APPPATH/Controllers/Home.php(88): view()
 6 SYSTEMPATH/CodeIgniter.php(941): App\Controllers\Home->pesquisar()
 7 SYSTEMPATH/CodeIgniter.php(502): CodeIgniter\CodeIgniter->runController()
 8 SYSTEMPATH/CodeIgniter.php(361): CodeIgniter\CodeIgniter->handleRequest()
 9 FCPATH/index.php(79): CodeIgniter\CodeIgniter->run()
10 SYSTEMPATH/Commands/Server/rewrite.php(47): require_once('/media/guest-g8gnhs/CORTEZ/DS1/aula5/codeigniter4-framework-7d393f8/public/index.php')
CRITICAL - 2024-03-19 19:53:25 --> TypeError: Illegal offset type
in APPPATH/Controllers/Home.php on line 83.
 1 SYSTEMPATH/CodeIgniter.php(941): App\Controllers\Home->pesquisar()
 2 SYSTEMPATH/CodeIgniter.php(502): CodeIgniter\CodeIgniter->runController()
 3 SYSTEMPATH/CodeIgniter.php(361): CodeIgniter\CodeIgniter->handleRequest()
 4 FCPATH/index.php(79): CodeIgniter\CodeIgniter->run()
 5 SYSTEMPATH/Commands/Server/rewrite.php(47): require_once('/media/guest-g8gnhs/CORTEZ/DS1/aula5/codeigniter4-framework-7d393f8/public/index.php')
CRITICAL - 2024-03-19 19:54:27 --> ErrorException: Undefined variable $result
in APPPATH/Views/pesquisa.php on line 29.
 1 APPPATH/Views/pesquisa.php(29): CodeIgniter\Debug\Exceptions->errorHandler()
 2 SYSTEMPATH/View/View.php(228): include('/media/guest-g8gnhs/CORTEZ/DS1/aula5/codeigniter4-framework-7d393f8/app/Views/pesquisa.php')
 3 SYSTEMPATH/View/View.php(231): CodeIgniter\View\View->CodeIgniter\View\{closure}()
 4 SYSTEMPATH/Common.php(1178): CodeIgniter\View\View->render()
 5 APPPATH/Controllers/Home.php(89): view()
 6 SYSTEMPATH/CodeIgniter.php(941): App\Controllers\Home->pesquisar()
 7 SYSTEMPATH/CodeIgniter.php(502): CodeIgniter\CodeIgniter->runController()
 8 SYSTEMPATH/CodeIgniter.php(361): CodeIgniter\CodeIgniter->handleRequest()
 9 FCPATH/index.php(79): CodeIgniter\CodeIgniter->run()
10 SYSTEMPATH/Commands/Server/rewrite.php(47): require_once('/media/guest-g8gnhs/CORTEZ/DS1/aula5/codeigniter4-framework-7d393f8/public/index.php')
CRITICAL - 2024-03-19 19:55:50 --> ErrorException: Undefined variable $result
in APPPATH/Views/pesquisa.php on line 29.
 1 APPPATH/Views/pesquisa.php(29): CodeIgniter\Debug\Exceptions->errorHandler()
 2 SYSTEMPATH/View/View.php(228): include('/media/guest-g8gnhs/CORTEZ/DS1/aula5/codeigniter4-framework-7d393f8/app/Views/pesquisa.php')
 3 SYSTEMPATH/View/View.php(231): CodeIgniter\View\View->CodeIgniter\View\{closure}()
 4 SYSTEMPATH/Common.php(1178): CodeIgniter\View\View->render()
 5 APPPATH/Controllers/Home.php(89): view()
 6 SYSTEMPATH/CodeIgniter.php(941): App\Controllers\Home->pesquisar()
 7 SYSTEMPATH/CodeIgniter.php(502): CodeIgniter\CodeIgniter->runController()
 8 SYSTEMPATH/CodeIgniter.php(361): CodeIgniter\CodeIgniter->handleRequest()
 9 FCPATH/index.php(79): CodeIgniter\CodeIgniter->run()
10 SYSTEMPATH/Commands/Server/rewrite.php(47): require_once('/media/guest-g8gnhs/CORTEZ/DS1/aula5/codeigniter4-framework-7d393f8/public/index.php')
CRITICAL - 2024-03-19 19:56:49 --> ParseError: syntax error, unexpected token "return"
in APPPATH/Controllers/Home.php on line 90.
 1 SYSTEMPATH/Autoloader/Autoloader.php(290): CodeIgniter\Autoloader\Autoloader->includeFile()
 2 SYSTEMPATH/Autoloader/Autoloader.php(266): CodeIgniter\Autoloader\Autoloader->loadInNamespace()
 3 [internal function]: CodeIgniter\Autoloader\Autoloader->loadClass()
 4 SYSTEMPATH/CodeIgniter.php(899): class_exists()
 5 SYSTEMPATH/CodeIgniter.php(489): CodeIgniter\CodeIgniter->startController()
 6 SYSTEMPATH/CodeIgniter.php(361): CodeIgniter\CodeIgniter->handleRequest()
 7 FCPATH/index.php(79): CodeIgniter\CodeIgniter->run()
 8 SYSTEMPATH/Commands/Server/rewrite.php(47): require_once('/media/guest-g8gnhs/CORTEZ/DS1/aula5/codeigniter4-framework-7d393f8/public/index.php')
CRITICAL - 2024-03-19 19:57:20 --> ErrorException: Undefined variable $data
in APPPATH/Views/pesquisa.php on line 29.
 1 APPPATH/Views/pesquisa.php(29): CodeIgniter\Debug\Exceptions->errorHandler()
 2 SYSTEMPATH/View/View.php(228): include('/media/guest-g8gnhs/CORTEZ/DS1/aula5/codeigniter4-framework-7d393f8/app/Views/pesquisa.php')
 3 SYSTEMPATH/View/View.php(231): CodeIgniter\View\View->CodeIgniter\View\{closure}()
 4 SYSTEMPATH/Common.php(1178): CodeIgniter\View\View->render()
 5 APPPATH/Controllers/Home.php(90): view()
 6 SYSTEMPATH/CodeIgniter.php(941): App\Controllers\Home->pesquisar()
 7 SYSTEMPATH/CodeIgniter.php(502): CodeIgniter\CodeIgniter->runController()
 8 SYSTEMPATH/CodeIgniter.php(361): CodeIgniter\CodeIgniter->handleRequest()
 9 FCPATH/index.php(79): CodeIgniter\CodeIgniter->run()
10 SYSTEMPATH/Commands/Server/rewrite.php(47): require_once('/media/guest-g8gnhs/CORTEZ/DS1/aula5/codeigniter4-framework-7d393f8/public/index.php')
CRITICAL - 2024-03-19 19:57:44 --> ErrorException: Undefined variable $nome
in APPPATH/Views/pesquisa.php on line 29.
 1 APPPATH/Views/pesquisa.php(29): CodeIgniter\Debug\Exceptions->errorHandler()
 2 SYSTEMPATH/View/View.php(228): include('/media/guest-g8gnhs/CORTEZ/DS1/aula5/codeigniter4-framework-7d393f8/app/Views/pesquisa.php')
 3 SYSTEMPATH/View/View.php(231): CodeIgniter\View\View->CodeIgniter\View\{closure}()
 4 SYSTEMPATH/Common.php(1178): CodeIgniter\View\View->render()
 5 APPPATH/Controllers/Home.php(90): view()
 6 SYSTEMPATH/CodeIgniter.php(941): App\Controllers\Home->pesquisar()
 7 SYSTEMPATH/CodeIgniter.php(502): CodeIgniter\CodeIgniter->runController()
 8 SYSTEMPATH/CodeIgniter.php(361): CodeIgniter\CodeIgniter->handleRequest()
 9 FCPATH/index.php(79): CodeIgniter\CodeIgniter->run()
10 SYSTEMPATH/Commands/Server/rewrite.php(47): require_once('/media/guest-g8gnhs/CORTEZ/DS1/aula5/codeigniter4-framework-7d393f8/public/index.php')
CRITICAL - 2024-03-19 19:59:11 --> ErrorException: Undefined variable $result
in APPPATH/Controllers/Home.php on line 77.
 1 APPPATH/Controllers/Home.php(77): CodeIgniter\Debug\Exceptions->errorHandler()
 2 SYSTEMPATH/CodeIgniter.php(941): App\Controllers\Home->pesquisar()
 3 SYSTEMPATH/CodeIgniter.php(502): CodeIgniter\CodeIgniter->runController()
 4 SYSTEMPATH/CodeIgniter.php(361): CodeIgniter\CodeIgniter->handleRequest()
 5 FCPATH/index.php(79): CodeIgniter\CodeIgniter->run()
 6 SYSTEMPATH/Commands/Server/rewrite.php(47): require_once('/media/guest-g8gnhs/CORTEZ/DS1/aula5/codeigniter4-framework-7d393f8/public/index.php')
