ERROR - 2024-03-26 18:40:41 --> Error connecting to the database: mysqli_sql_exception: Unknown database 'usuarios' in /media/guest-r2gcgp/CORTEZ/DS1/trabalhoBiblioteca/codeigniter4-framework-7d393f8/system/Database/MySQLi/Connection.php:185
Stack trace:
#0 /media/guest-r2gcgp/CORTEZ/DS1/trabalhoBiblioteca/codeigniter4-framework-7d393f8/system/Database/MySQLi/Connection.php(185): mysqli->real_connect()
#1 /media/guest-r2gcgp/CORTEZ/DS1/trabalhoBiblioteca/codeigniter4-framework-7d393f8/system/Database/BaseConnection.php(392): CodeIgniter\Database\MySQLi\Connection->connect()
#2 /media/guest-r2gcgp/CORTEZ/DS1/trabalhoBiblioteca/codeigniter4-framework-7d393f8/system/Database/BaseConnection.php(575): CodeIgniter\Database\BaseConnection->initialize()
#3 /media/guest-r2gcgp/CORTEZ/DS1/trabalhoBiblioteca/codeigniter4-framework-7d393f8/system/Database/BaseBuilder.php(2307): CodeIgniter\Database\BaseConnection->query()
#4 /media/guest-r2gcgp/CORTEZ/DS1/trabalhoBiblioteca/codeigniter4-framework-7d393f8/system/Model.php(326): CodeIgniter\Database\BaseBuilder->insert()
#5 /media/guest-r2gcgp/CORTEZ/DS1/trabalhoBiblioteca/codeigniter4-framework-7d393f8/system/BaseModel.php(802): CodeIgniter\Model->doInsert()
#6 /media/guest-r2gcgp/CORTEZ/DS1/trabalhoBiblioteca/codeigniter4-framework-7d393f8/system/Model.php(744): CodeIgniter\BaseModel->insert()
#7 /media/guest-r2gcgp/CORTEZ/DS1/trabalhoBiblioteca/codeigniter4-framework-7d393f8/app/Controllers/Home.php(27): CodeIgniter\Model->insert()
#8 /media/guest-r2gcgp/CORTEZ/DS1/trabalhoBiblioteca/codeigniter4-framework-7d393f8/system/CodeIgniter.php(941): App\Controllers\Home->signReceiveData()
#9 /media/guest-r2gcgp/CORTEZ/DS1/trabalhoBiblioteca/codeigniter4-framework-7d393f8/system/CodeIgniter.php(502): CodeIgniter\CodeIgniter->runController()
#10 /media/guest-r2gcgp/CORTEZ/DS1/trabalhoBiblioteca/codeigniter4-framework-7d393f8/system/CodeIgniter.php(361): CodeIgniter\CodeIgniter->handleRequest()
#11 /media/guest-r2gcgp/CORTEZ/DS1/trabalhoBiblioteca/codeigniter4-framework-7d393f8/public/index.php(79): CodeIgniter\CodeIgniter->run()
#12 /media/guest-r2gcgp/CORTEZ/DS1/trabalhoBiblioteca/codeigniter4-framework-7d393f8/system/Commands/Server/rewrite.php(47): require_once('...')
#13 {main}

Next CodeIgniter\Database\Exceptions\DatabaseException: Unknown database 'usuarios' in /media/guest-r2gcgp/CORTEZ/DS1/trabalhoBiblioteca/codeigniter4-framework-7d393f8/system/Database/MySQLi/Connection.php:229
Stack trace:
#0 /media/guest-r2gcgp/CORTEZ/DS1/trabalhoBiblioteca/codeigniter4-framework-7d393f8/system/Database/BaseConnection.php(392): CodeIgniter\Database\MySQLi\Connection->connect()
#1 /media/guest-r2gcgp/CORTEZ/DS1/trabalhoBiblioteca/codeigniter4-framework-7d393f8/system/Database/BaseConnection.php(575): CodeIgniter\Database\BaseConnection->initialize()
#2 /media/guest-r2gcgp/CORTEZ/DS1/trabalhoBiblioteca/codeigniter4-framework-7d393f8/system/Database/BaseBuilder.php(2307): CodeIgniter\Database\BaseConnection->query()
#3 /media/guest-r2gcgp/CORTEZ/DS1/trabalhoBiblioteca/codeigniter4-framework-7d393f8/system/Model.php(326): CodeIgniter\Database\BaseBuilder->insert()
#4 /media/guest-r2gcgp/CORTEZ/DS1/trabalhoBiblioteca/codeigniter4-framework-7d393f8/system/BaseModel.php(802): CodeIgniter\Model->doInsert()
#5 /media/guest-r2gcgp/CORTEZ/DS1/trabalhoBiblioteca/codeigniter4-framework-7d393f8/system/Model.php(744): CodeIgniter\BaseModel->insert()
#6 /media/guest-r2gcgp/CORTEZ/DS1/trabalhoBiblioteca/codeigniter4-framework-7d393f8/app/Controllers/Home.php(27): CodeIgniter\Model->insert()
#7 /media/guest-r2gcgp/CORTEZ/DS1/trabalhoBiblioteca/codeigniter4-framework-7d393f8/system/CodeIgniter.php(941): App\Controllers\Home->signReceiveData()
#8 /media/guest-r2gcgp/CORTEZ/DS1/trabalhoBiblioteca/codeigniter4-framework-7d393f8/system/CodeIgniter.php(502): CodeIgniter\CodeIgniter->runController()
#9 /media/guest-r2gcgp/CORTEZ/DS1/trabalhoBiblioteca/codeigniter4-framework-7d393f8/system/CodeIgniter.php(361): CodeIgniter\CodeIgniter->handleRequest()
#10 /media/guest-r2gcgp/CORTEZ/DS1/trabalhoBiblioteca/codeigniter4-framework-7d393f8/public/index.php(79): CodeIgniter\CodeIgniter->run()
#11 /media/guest-r2gcgp/CORTEZ/DS1/trabalhoBiblioteca/codeigniter4-framework-7d393f8/system/Commands/Server/rewrite.php(47): require_once('...')
#12 {main}
CRITICAL - 2024-03-26 18:40:41 --> CodeIgniter\Database\Exceptions\DatabaseException: Unable to connect to the database.
Main connection [MySQLi]: Unknown database 'usuarios'
in SYSTEMPATH/Database/BaseConnection.php on line 428.
 1 SYSTEMPATH/Database/BaseConnection.php(575): CodeIgniter\Database\BaseConnection->initialize()
 2 SYSTEMPATH/Database/BaseBuilder.php(2307): CodeIgniter\Database\BaseConnection->query()
 3 SYSTEMPATH/Model.php(326): CodeIgniter\Database\BaseBuilder->insert()
 4 SYSTEMPATH/BaseModel.php(802): CodeIgniter\Model->doInsert()
 5 SYSTEMPATH/Model.php(744): CodeIgniter\BaseModel->insert()
 6 APPPATH/Controllers/Home.php(27): CodeIgniter\Model->insert()
 7 SYSTEMPATH/CodeIgniter.php(941): App\Controllers\Home->signReceiveData()
 8 SYSTEMPATH/CodeIgniter.php(502): CodeIgniter\CodeIgniter->runController()
 9 SYSTEMPATH/CodeIgniter.php(361): CodeIgniter\CodeIgniter->handleRequest()
10 FCPATH/index.php(79): CodeIgniter\CodeIgniter->run()
11 SYSTEMPATH/Commands/Server/rewrite.php(47): require_once('/media/guest-r2gcgp/CORTEZ/DS1/trabalhoBiblioteca/codeigniter4-framework-7d393f8/public/index.php')
ERROR - 2024-03-26 18:43:35 --> Error connecting to the database: mysqli_sql_exception: Unknown database 'usuarios' in /media/guest-r2gcgp/CORTEZ/DS1/trabalhoBiblioteca/codeigniter4-framework-7d393f8/system/Database/MySQLi/Connection.php:185
Stack trace:
#0 /media/guest-r2gcgp/CORTEZ/DS1/trabalhoBiblioteca/codeigniter4-framework-7d393f8/system/Database/MySQLi/Connection.php(185): mysqli->real_connect()
#1 /media/guest-r2gcgp/CORTEZ/DS1/trabalhoBiblioteca/codeigniter4-framework-7d393f8/system/Database/BaseConnection.php(392): CodeIgniter\Database\MySQLi\Connection->connect()
#2 /media/guest-r2gcgp/CORTEZ/DS1/trabalhoBiblioteca/codeigniter4-framework-7d393f8/system/Database/BaseConnection.php(575): CodeIgniter\Database\BaseConnection->initialize()
#3 /media/guest-r2gcgp/CORTEZ/DS1/trabalhoBiblioteca/codeigniter4-framework-7d393f8/system/Database/BaseBuilder.php(2307): CodeIgniter\Database\BaseConnection->query()
#4 /media/guest-r2gcgp/CORTEZ/DS1/trabalhoBiblioteca/codeigniter4-framework-7d393f8/system/Model.php(326): CodeIgniter\Database\BaseBuilder->insert()
#5 /media/guest-r2gcgp/CORTEZ/DS1/trabalhoBiblioteca/codeigniter4-framework-7d393f8/system/BaseModel.php(802): CodeIgniter\Model->doInsert()
#6 /media/guest-r2gcgp/CORTEZ/DS1/trabalhoBiblioteca/codeigniter4-framework-7d393f8/system/Model.php(744): CodeIgniter\BaseModel->insert()
#7 /media/guest-r2gcgp/CORTEZ/DS1/trabalhoBiblioteca/codeigniter4-framework-7d393f8/app/Controllers/Home.php(27): CodeIgniter\Model->insert()
#8 /media/guest-r2gcgp/CORTEZ/DS1/trabalhoBiblioteca/codeigniter4-framework-7d393f8/system/CodeIgniter.php(941): App\Controllers\Home->signReceiveData()
#9 /media/guest-r2gcgp/CORTEZ/DS1/trabalhoBiblioteca/codeigniter4-framework-7d393f8/system/CodeIgniter.php(502): CodeIgniter\CodeIgniter->runController()
#10 /media/guest-r2gcgp/CORTEZ/DS1/trabalhoBiblioteca/codeigniter4-framework-7d393f8/system/CodeIgniter.php(361): CodeIgniter\CodeIgniter->handleRequest()
#11 /media/guest-r2gcgp/CORTEZ/DS1/trabalhoBiblioteca/codeigniter4-framework-7d393f8/public/index.php(79): CodeIgniter\CodeIgniter->run()
#12 /media/guest-r2gcgp/CORTEZ/DS1/trabalhoBiblioteca/codeigniter4-framework-7d393f8/system/Commands/Server/rewrite.php(47): require_once('...')
#13 {main}

Next CodeIgniter\Database\Exceptions\DatabaseException: Unknown database 'usuarios' in /media/guest-r2gcgp/CORTEZ/DS1/trabalhoBiblioteca/codeigniter4-framework-7d393f8/system/Database/MySQLi/Connection.php:229
Stack trace:
#0 /media/guest-r2gcgp/CORTEZ/DS1/trabalhoBiblioteca/codeigniter4-framework-7d393f8/system/Database/BaseConnection.php(392): CodeIgniter\Database\MySQLi\Connection->connect()
#1 /media/guest-r2gcgp/CORTEZ/DS1/trabalhoBiblioteca/codeigniter4-framework-7d393f8/system/Database/BaseConnection.php(575): CodeIgniter\Database\BaseConnection->initialize()
#2 /media/guest-r2gcgp/CORTEZ/DS1/trabalhoBiblioteca/codeigniter4-framework-7d393f8/system/Database/BaseBuilder.php(2307): CodeIgniter\Database\BaseConnection->query()
#3 /media/guest-r2gcgp/CORTEZ/DS1/trabalhoBiblioteca/codeigniter4-framework-7d393f8/system/Model.php(326): CodeIgniter\Database\BaseBuilder->insert()
#4 /media/guest-r2gcgp/CORTEZ/DS1/trabalhoBiblioteca/codeigniter4-framework-7d393f8/system/BaseModel.php(802): CodeIgniter\Model->doInsert()
#5 /media/guest-r2gcgp/CORTEZ/DS1/trabalhoBiblioteca/codeigniter4-framework-7d393f8/system/Model.php(744): CodeIgniter\BaseModel->insert()
#6 /media/guest-r2gcgp/CORTEZ/DS1/trabalhoBiblioteca/codeigniter4-framework-7d393f8/app/Controllers/Home.php(27): CodeIgniter\Model->insert()
#7 /media/guest-r2gcgp/CORTEZ/DS1/trabalhoBiblioteca/codeigniter4-framework-7d393f8/system/CodeIgniter.php(941): App\Controllers\Home->signReceiveData()
#8 /media/guest-r2gcgp/CORTEZ/DS1/trabalhoBiblioteca/codeigniter4-framework-7d393f8/system/CodeIgniter.php(502): CodeIgniter\CodeIgniter->runController()
#9 /media/guest-r2gcgp/CORTEZ/DS1/trabalhoBiblioteca/codeigniter4-framework-7d393f8/system/CodeIgniter.php(361): CodeIgniter\CodeIgniter->handleRequest()
#10 /media/guest-r2gcgp/CORTEZ/DS1/trabalhoBiblioteca/codeigniter4-framework-7d393f8/public/index.php(79): CodeIgniter\CodeIgniter->run()
#11 /media/guest-r2gcgp/CORTEZ/DS1/trabalhoBiblioteca/codeigniter4-framework-7d393f8/system/Commands/Server/rewrite.php(47): require_once('...')
#12 {main}
CRITICAL - 2024-03-26 18:43:35 --> CodeIgniter\Database\Exceptions\DatabaseException: Unable to connect to the database.
Main connection [MySQLi]: Unknown database 'usuarios'
in SYSTEMPATH/Database/BaseConnection.php on line 428.
 1 SYSTEMPATH/Database/BaseConnection.php(575): CodeIgniter\Database\BaseConnection->initialize()
 2 SYSTEMPATH/Database/BaseBuilder.php(2307): CodeIgniter\Database\BaseConnection->query()
 3 SYSTEMPATH/Model.php(326): CodeIgniter\Database\BaseBuilder->insert()
 4 SYSTEMPATH/BaseModel.php(802): CodeIgniter\Model->doInsert()
 5 SYSTEMPATH/Model.php(744): CodeIgniter\BaseModel->insert()
 6 APPPATH/Controllers/Home.php(27): CodeIgniter\Model->insert()
 7 SYSTEMPATH/CodeIgniter.php(941): App\Controllers\Home->signReceiveData()
 8 SYSTEMPATH/CodeIgniter.php(502): CodeIgniter\CodeIgniter->runController()
 9 SYSTEMPATH/CodeIgniter.php(361): CodeIgniter\CodeIgniter->handleRequest()
10 FCPATH/index.php(79): CodeIgniter\CodeIgniter->run()
11 SYSTEMPATH/Commands/Server/rewrite.php(47): require_once('/media/guest-r2gcgp/CORTEZ/DS1/trabalhoBiblioteca/codeigniter4-framework-7d393f8/public/index.php')
ERROR - 2024-03-26 18:45:37 --> Error connecting to the database: mysqli_sql_exception: Unknown database 'usuarios' in /media/guest-r2gcgp/CORTEZ/DS1/trabalhoBiblioteca/codeigniter4-framework-7d393f8/system/Database/MySQLi/Connection.php:185
Stack trace:
#0 /media/guest-r2gcgp/CORTEZ/DS1/trabalhoBiblioteca/codeigniter4-framework-7d393f8/system/Database/MySQLi/Connection.php(185): mysqli->real_connect()
#1 /media/guest-r2gcgp/CORTEZ/DS1/trabalhoBiblioteca/codeigniter4-framework-7d393f8/system/Database/BaseConnection.php(392): CodeIgniter\Database\MySQLi\Connection->connect()
#2 /media/guest-r2gcgp/CORTEZ/DS1/trabalhoBiblioteca/codeigniter4-framework-7d393f8/system/Database/BaseConnection.php(575): CodeIgniter\Database\BaseConnection->initialize()
#3 /media/guest-r2gcgp/CORTEZ/DS1/trabalhoBiblioteca/codeigniter4-framework-7d393f8/system/Database/BaseBuilder.php(2307): CodeIgniter\Database\BaseConnection->query()
#4 /media/guest-r2gcgp/CORTEZ/DS1/trabalhoBiblioteca/codeigniter4-framework-7d393f8/system/Model.php(326): CodeIgniter\Database\BaseBuilder->insert()
#5 /media/guest-r2gcgp/CORTEZ/DS1/trabalhoBiblioteca/codeigniter4-framework-7d393f8/system/BaseModel.php(802): CodeIgniter\Model->doInsert()
#6 /media/guest-r2gcgp/CORTEZ/DS1/trabalhoBiblioteca/codeigniter4-framework-7d393f8/system/Model.php(744): CodeIgniter\BaseModel->insert()
#7 /media/guest-r2gcgp/CORTEZ/DS1/trabalhoBiblioteca/codeigniter4-framework-7d393f8/app/Controllers/Home.php(27): CodeIgniter\Model->insert()
#8 /media/guest-r2gcgp/CORTEZ/DS1/trabalhoBiblioteca/codeigniter4-framework-7d393f8/system/CodeIgniter.php(941): App\Controllers\Home->signReceiveData()
#9 /media/guest-r2gcgp/CORTEZ/DS1/trabalhoBiblioteca/codeigniter4-framework-7d393f8/system/CodeIgniter.php(502): CodeIgniter\CodeIgniter->runController()
#10 /media/guest-r2gcgp/CORTEZ/DS1/trabalhoBiblioteca/codeigniter4-framework-7d393f8/system/CodeIgniter.php(361): CodeIgniter\CodeIgniter->handleRequest()
#11 /media/guest-r2gcgp/CORTEZ/DS1/trabalhoBiblioteca/codeigniter4-framework-7d393f8/public/index.php(79): CodeIgniter\CodeIgniter->run()
#12 /media/guest-r2gcgp/CORTEZ/DS1/trabalhoBiblioteca/codeigniter4-framework-7d393f8/system/Commands/Server/rewrite.php(47): require_once('...')
#13 {main}

Next CodeIgniter\Database\Exceptions\DatabaseException: Unknown database 'usuarios' in /media/guest-r2gcgp/CORTEZ/DS1/trabalhoBiblioteca/codeigniter4-framework-7d393f8/system/Database/MySQLi/Connection.php:229
Stack trace:
#0 /media/guest-r2gcgp/CORTEZ/DS1/trabalhoBiblioteca/codeigniter4-framework-7d393f8/system/Database/BaseConnection.php(392): CodeIgniter\Database\MySQLi\Connection->connect()
#1 /media/guest-r2gcgp/CORTEZ/DS1/trabalhoBiblioteca/codeigniter4-framework-7d393f8/system/Database/BaseConnection.php(575): CodeIgniter\Database\BaseConnection->initialize()
#2 /media/guest-r2gcgp/CORTEZ/DS1/trabalhoBiblioteca/codeigniter4-framework-7d393f8/system/Database/BaseBuilder.php(2307): CodeIgniter\Database\BaseConnection->query()
#3 /media/guest-r2gcgp/CORTEZ/DS1/trabalhoBiblioteca/codeigniter4-framework-7d393f8/system/Model.php(326): CodeIgniter\Database\BaseBuilder->insert()
#4 /media/guest-r2gcgp/CORTEZ/DS1/trabalhoBiblioteca/codeigniter4-framework-7d393f8/system/BaseModel.php(802): CodeIgniter\Model->doInsert()
#5 /media/guest-r2gcgp/CORTEZ/DS1/trabalhoBiblioteca/codeigniter4-framework-7d393f8/system/Model.php(744): CodeIgniter\BaseModel->insert()
#6 /media/guest-r2gcgp/CORTEZ/DS1/trabalhoBiblioteca/codeigniter4-framework-7d393f8/app/Controllers/Home.php(27): CodeIgniter\Model->insert()
#7 /media/guest-r2gcgp/CORTEZ/DS1/trabalhoBiblioteca/codeigniter4-framework-7d393f8/system/CodeIgniter.php(941): App\Controllers\Home->signReceiveData()
#8 /media/guest-r2gcgp/CORTEZ/DS1/trabalhoBiblioteca/codeigniter4-framework-7d393f8/system/CodeIgniter.php(502): CodeIgniter\CodeIgniter->runController()
#9 /media/guest-r2gcgp/CORTEZ/DS1/trabalhoBiblioteca/codeigniter4-framework-7d393f8/system/CodeIgniter.php(361): CodeIgniter\CodeIgniter->handleRequest()
#10 /media/guest-r2gcgp/CORTEZ/DS1/trabalhoBiblioteca/codeigniter4-framework-7d393f8/public/index.php(79): CodeIgniter\CodeIgniter->run()
#11 /media/guest-r2gcgp/CORTEZ/DS1/trabalhoBiblioteca/codeigniter4-framework-7d393f8/system/Commands/Server/rewrite.php(47): require_once('...')
#12 {main}
CRITICAL - 2024-03-26 18:45:37 --> CodeIgniter\Database\Exceptions\DatabaseException: Unable to connect to the database.
Main connection [MySQLi]: Unknown database 'usuarios'
in SYSTEMPATH/Database/BaseConnection.php on line 428.
 1 SYSTEMPATH/Database/BaseConnection.php(575): CodeIgniter\Database\BaseConnection->initialize()
 2 SYSTEMPATH/Database/BaseBuilder.php(2307): CodeIgniter\Database\BaseConnection->query()
 3 SYSTEMPATH/Model.php(326): CodeIgniter\Database\BaseBuilder->insert()
 4 SYSTEMPATH/BaseModel.php(802): CodeIgniter\Model->doInsert()
 5 SYSTEMPATH/Model.php(744): CodeIgniter\BaseModel->insert()
 6 APPPATH/Controllers/Home.php(27): CodeIgniter\Model->insert()
 7 SYSTEMPATH/CodeIgniter.php(941): App\Controllers\Home->signReceiveData()
 8 SYSTEMPATH/CodeIgniter.php(502): CodeIgniter\CodeIgniter->runController()
 9 SYSTEMPATH/CodeIgniter.php(361): CodeIgniter\CodeIgniter->handleRequest()
10 FCPATH/index.php(79): CodeIgniter\CodeIgniter->run()
11 SYSTEMPATH/Commands/Server/rewrite.php(47): require_once('/media/guest-r2gcgp/CORTEZ/DS1/trabalhoBiblioteca/codeigniter4-framework-7d393f8/public/index.php')
ERROR - 2024-03-26 18:46:21 --> mysqli_sql_exception: Column 'nome' cannot be null in /media/guest-r2gcgp/CORTEZ/DS1/trabalhoBiblioteca/codeigniter4-framework-7d393f8/system/Database/MySQLi/Connection.php:306
Stack trace:
#0 /media/guest-r2gcgp/CORTEZ/DS1/trabalhoBiblioteca/codeigniter4-framework-7d393f8/system/Database/MySQLi/Connection.php(306): mysqli->query()
#1 /media/guest-r2gcgp/CORTEZ/DS1/trabalhoBiblioteca/codeigniter4-framework-7d393f8/system/Database/BaseConnection.php(693): CodeIgniter\Database\MySQLi\Connection->execute()
#2 /media/guest-r2gcgp/CORTEZ/DS1/trabalhoBiblioteca/codeigniter4-framework-7d393f8/system/Database/BaseConnection.php(607): CodeIgniter\Database\BaseConnection->simpleQuery()
#3 /media/guest-r2gcgp/CORTEZ/DS1/trabalhoBiblioteca/codeigniter4-framework-7d393f8/system/Database/BaseBuilder.php(2307): CodeIgniter\Database\BaseConnection->query()
#4 /media/guest-r2gcgp/CORTEZ/DS1/trabalhoBiblioteca/codeigniter4-framework-7d393f8/system/Model.php(326): CodeIgniter\Database\BaseBuilder->insert()
#5 /media/guest-r2gcgp/CORTEZ/DS1/trabalhoBiblioteca/codeigniter4-framework-7d393f8/system/BaseModel.php(802): CodeIgniter\Model->doInsert()
#6 /media/guest-r2gcgp/CORTEZ/DS1/trabalhoBiblioteca/codeigniter4-framework-7d393f8/system/Model.php(744): CodeIgniter\BaseModel->insert()
#7 /media/guest-r2gcgp/CORTEZ/DS1/trabalhoBiblioteca/codeigniter4-framework-7d393f8/app/Controllers/Home.php(27): CodeIgniter\Model->insert()
#8 /media/guest-r2gcgp/CORTEZ/DS1/trabalhoBiblioteca/codeigniter4-framework-7d393f8/system/CodeIgniter.php(941): App\Controllers\Home->signReceiveData()
#9 /media/guest-r2gcgp/CORTEZ/DS1/trabalhoBiblioteca/codeigniter4-framework-7d393f8/system/CodeIgniter.php(502): CodeIgniter\CodeIgniter->runController()
#10 /media/guest-r2gcgp/CORTEZ/DS1/trabalhoBiblioteca/codeigniter4-framework-7d393f8/system/CodeIgniter.php(361): CodeIgniter\CodeIgniter->handleRequest()
#11 /media/guest-r2gcgp/CORTEZ/DS1/trabalhoBiblioteca/codeigniter4-framework-7d393f8/public/index.php(79): CodeIgniter\CodeIgniter->run()
#12 /media/guest-r2gcgp/CORTEZ/DS1/trabalhoBiblioteca/codeigniter4-framework-7d393f8/system/Commands/Server/rewrite.php(47): require_once('...')
#13 {main}
CRITICAL - 2024-03-26 18:46:21 --> CodeIgniter\Database\Exceptions\DatabaseException: Column 'nome' cannot be null
in SYSTEMPATH/Database/BaseConnection.php on line 647.
 1 SYSTEMPATH/Database/BaseBuilder.php(2307): CodeIgniter\Database\BaseConnection->query()
 2 SYSTEMPATH/Model.php(326): CodeIgniter\Database\BaseBuilder->insert()
 3 SYSTEMPATH/BaseModel.php(802): CodeIgniter\Model->doInsert()
 4 SYSTEMPATH/Model.php(744): CodeIgniter\BaseModel->insert()
 5 APPPATH/Controllers/Home.php(27): CodeIgniter\Model->insert()
 6 SYSTEMPATH/CodeIgniter.php(941): App\Controllers\Home->signReceiveData()
 7 SYSTEMPATH/CodeIgniter.php(502): CodeIgniter\CodeIgniter->runController()
 8 SYSTEMPATH/CodeIgniter.php(361): CodeIgniter\CodeIgniter->handleRequest()
 9 FCPATH/index.php(79): CodeIgniter\CodeIgniter->run()
10 SYSTEMPATH/Commands/Server/rewrite.php(47): require_once('/media/guest-r2gcgp/CORTEZ/DS1/trabalhoBiblioteca/codeigniter4-framework-7d393f8/public/index.php')
CRITICAL - 2024-03-26 18:46:21 --> [Caused by] CodeIgniter\Database\Exceptions\DatabaseException: Column 'nome' cannot be null
in SYSTEMPATH/Database/MySQLi/Connection.php on line 311.
 1 SYSTEMPATH/Database/BaseConnection.php(693): CodeIgniter\Database\MySQLi\Connection->execute()
 2 SYSTEMPATH/Database/BaseConnection.php(607): CodeIgniter\Database\BaseConnection->simpleQuery()
 3 SYSTEMPATH/Database/BaseBuilder.php(2307): CodeIgniter\Database\BaseConnection->query()
 4 SYSTEMPATH/Model.php(326): CodeIgniter\Database\BaseBuilder->insert()
 5 SYSTEMPATH/BaseModel.php(802): CodeIgniter\Model->doInsert()
 6 SYSTEMPATH/Model.php(744): CodeIgniter\BaseModel->insert()
 7 APPPATH/Controllers/Home.php(27): CodeIgniter\Model->insert()
 8 SYSTEMPATH/CodeIgniter.php(941): App\Controllers\Home->signReceiveData()
 9 SYSTEMPATH/CodeIgniter.php(502): CodeIgniter\CodeIgniter->runController()
10 SYSTEMPATH/CodeIgniter.php(361): CodeIgniter\CodeIgniter->handleRequest()
11 FCPATH/index.php(79): CodeIgniter\CodeIgniter->run()
12 SYSTEMPATH/Commands/Server/rewrite.php(47): require_once('/media/guest-r2gcgp/CORTEZ/DS1/trabalhoBiblioteca/codeigniter4-framework-7d393f8/public/index.php')
CRITICAL - 2024-03-26 18:46:21 --> [Caused by] mysqli_sql_exception: Column 'nome' cannot be null
in SYSTEMPATH/Database/MySQLi/Connection.php on line 306.
 1 SYSTEMPATH/Database/MySQLi/Connection.php(306): mysqli->query()
 2 SYSTEMPATH/Database/BaseConnection.php(693): CodeIgniter\Database\MySQLi\Connection->execute()
 3 SYSTEMPATH/Database/BaseConnection.php(607): CodeIgniter\Database\BaseConnection->simpleQuery()
 4 SYSTEMPATH/Database/BaseBuilder.php(2307): CodeIgniter\Database\BaseConnection->query()
 5 SYSTEMPATH/Model.php(326): CodeIgniter\Database\BaseBuilder->insert()
 6 SYSTEMPATH/BaseModel.php(802): CodeIgniter\Model->doInsert()
 7 SYSTEMPATH/Model.php(744): CodeIgniter\BaseModel->insert()
 8 APPPATH/Controllers/Home.php(27): CodeIgniter\Model->insert()
 9 SYSTEMPATH/CodeIgniter.php(941): App\Controllers\Home->signReceiveData()
10 SYSTEMPATH/CodeIgniter.php(502): CodeIgniter\CodeIgniter->runController()
11 SYSTEMPATH/CodeIgniter.php(361): CodeIgniter\CodeIgniter->handleRequest()
12 FCPATH/index.php(79): CodeIgniter\CodeIgniter->run()
13 SYSTEMPATH/Commands/Server/rewrite.php(47): require_once('/media/guest-r2gcgp/CORTEZ/DS1/trabalhoBiblioteca/codeigniter4-framework-7d393f8/public/index.php')
ERROR - 2024-03-26 18:47:14 --> mysqli_sql_exception: Column 'senha' cannot be null in /media/guest-r2gcgp/CORTEZ/DS1/trabalhoBiblioteca/codeigniter4-framework-7d393f8/system/Database/MySQLi/Connection.php:306
Stack trace:
#0 /media/guest-r2gcgp/CORTEZ/DS1/trabalhoBiblioteca/codeigniter4-framework-7d393f8/system/Database/MySQLi/Connection.php(306): mysqli->query()
#1 /media/guest-r2gcgp/CORTEZ/DS1/trabalhoBiblioteca/codeigniter4-framework-7d393f8/system/Database/BaseConnection.php(693): CodeIgniter\Database\MySQLi\Connection->execute()
#2 /media/guest-r2gcgp/CORTEZ/DS1/trabalhoBiblioteca/codeigniter4-framework-7d393f8/system/Database/BaseConnection.php(607): CodeIgniter\Database\BaseConnection->simpleQuery()
#3 /media/guest-r2gcgp/CORTEZ/DS1/trabalhoBiblioteca/codeigniter4-framework-7d393f8/system/Database/BaseBuilder.php(2307): CodeIgniter\Database\BaseConnection->query()
#4 /media/guest-r2gcgp/CORTEZ/DS1/trabalhoBiblioteca/codeigniter4-framework-7d393f8/system/Model.php(326): CodeIgniter\Database\BaseBuilder->insert()
#5 /media/guest-r2gcgp/CORTEZ/DS1/trabalhoBiblioteca/codeigniter4-framework-7d393f8/system/BaseModel.php(802): CodeIgniter\Model->doInsert()
#6 /media/guest-r2gcgp/CORTEZ/DS1/trabalhoBiblioteca/codeigniter4-framework-7d393f8/system/Model.php(744): CodeIgniter\BaseModel->insert()
#7 /media/guest-r2gcgp/CORTEZ/DS1/trabalhoBiblioteca/codeigniter4-framework-7d393f8/app/Controllers/Home.php(27): CodeIgniter\Model->insert()
#8 /media/guest-r2gcgp/CORTEZ/DS1/trabalhoBiblioteca/codeigniter4-framework-7d393f8/system/CodeIgniter.php(941): App\Controllers\Home->signReceiveData()
#9 /media/guest-r2gcgp/CORTEZ/DS1/trabalhoBiblioteca/codeigniter4-framework-7d393f8/system/CodeIgniter.php(502): CodeIgniter\CodeIgniter->runController()
#10 /media/guest-r2gcgp/CORTEZ/DS1/trabalhoBiblioteca/codeigniter4-framework-7d393f8/system/CodeIgniter.php(361): CodeIgniter\CodeIgniter->handleRequest()
#11 /media/guest-r2gcgp/CORTEZ/DS1/trabalhoBiblioteca/codeigniter4-framework-7d393f8/public/index.php(79): CodeIgniter\CodeIgniter->run()
#12 /media/guest-r2gcgp/CORTEZ/DS1/trabalhoBiblioteca/codeigniter4-framework-7d393f8/system/Commands/Server/rewrite.php(47): require_once('...')
#13 {main}
CRITICAL - 2024-03-26 18:47:14 --> CodeIgniter\Database\Exceptions\DatabaseException: Column 'senha' cannot be null
in SYSTEMPATH/Database/BaseConnection.php on line 647.
 1 SYSTEMPATH/Database/BaseBuilder.php(2307): CodeIgniter\Database\BaseConnection->query()
 2 SYSTEMPATH/Model.php(326): CodeIgniter\Database\BaseBuilder->insert()
 3 SYSTEMPATH/BaseModel.php(802): CodeIgniter\Model->doInsert()
 4 SYSTEMPATH/Model.php(744): CodeIgniter\BaseModel->insert()
 5 APPPATH/Controllers/Home.php(27): CodeIgniter\Model->insert()
 6 SYSTEMPATH/CodeIgniter.php(941): App\Controllers\Home->signReceiveData()
 7 SYSTEMPATH/CodeIgniter.php(502): CodeIgniter\CodeIgniter->runController()
 8 SYSTEMPATH/CodeIgniter.php(361): CodeIgniter\CodeIgniter->handleRequest()
 9 FCPATH/index.php(79): CodeIgniter\CodeIgniter->run()
10 SYSTEMPATH/Commands/Server/rewrite.php(47): require_once('/media/guest-r2gcgp/CORTEZ/DS1/trabalhoBiblioteca/codeigniter4-framework-7d393f8/public/index.php')
CRITICAL - 2024-03-26 18:47:14 --> [Caused by] CodeIgniter\Database\Exceptions\DatabaseException: Column 'senha' cannot be null
in SYSTEMPATH/Database/MySQLi/Connection.php on line 311.
 1 SYSTEMPATH/Database/BaseConnection.php(693): CodeIgniter\Database\MySQLi\Connection->execute()
 2 SYSTEMPATH/Database/BaseConnection.php(607): CodeIgniter\Database\BaseConnection->simpleQuery()
 3 SYSTEMPATH/Database/BaseBuilder.php(2307): CodeIgniter\Database\BaseConnection->query()
 4 SYSTEMPATH/Model.php(326): CodeIgniter\Database\BaseBuilder->insert()
 5 SYSTEMPATH/BaseModel.php(802): CodeIgniter\Model->doInsert()
 6 SYSTEMPATH/Model.php(744): CodeIgniter\BaseModel->insert()
 7 APPPATH/Controllers/Home.php(27): CodeIgniter\Model->insert()
 8 SYSTEMPATH/CodeIgniter.php(941): App\Controllers\Home->signReceiveData()
 9 SYSTEMPATH/CodeIgniter.php(502): CodeIgniter\CodeIgniter->runController()
10 SYSTEMPATH/CodeIgniter.php(361): CodeIgniter\CodeIgniter->handleRequest()
11 FCPATH/index.php(79): CodeIgniter\CodeIgniter->run()
12 SYSTEMPATH/Commands/Server/rewrite.php(47): require_once('/media/guest-r2gcgp/CORTEZ/DS1/trabalhoBiblioteca/codeigniter4-framework-7d393f8/public/index.php')
CRITICAL - 2024-03-26 18:47:15 --> [Caused by] mysqli_sql_exception: Column 'senha' cannot be null
in SYSTEMPATH/Database/MySQLi/Connection.php on line 306.
 1 SYSTEMPATH/Database/MySQLi/Connection.php(306): mysqli->query()
 2 SYSTEMPATH/Database/BaseConnection.php(693): CodeIgniter\Database\MySQLi\Connection->execute()
 3 SYSTEMPATH/Database/BaseConnection.php(607): CodeIgniter\Database\BaseConnection->simpleQuery()
 4 SYSTEMPATH/Database/BaseBuilder.php(2307): CodeIgniter\Database\BaseConnection->query()
 5 SYSTEMPATH/Model.php(326): CodeIgniter\Database\BaseBuilder->insert()
 6 SYSTEMPATH/BaseModel.php(802): CodeIgniter\Model->doInsert()
 7 SYSTEMPATH/Model.php(744): CodeIgniter\BaseModel->insert()
 8 APPPATH/Controllers/Home.php(27): CodeIgniter\Model->insert()
 9 SYSTEMPATH/CodeIgniter.php(941): App\Controllers\Home->signReceiveData()
10 SYSTEMPATH/CodeIgniter.php(502): CodeIgniter\CodeIgniter->runController()
11 SYSTEMPATH/CodeIgniter.php(361): CodeIgniter\CodeIgniter->handleRequest()
12 FCPATH/index.php(79): CodeIgniter\CodeIgniter->run()
13 SYSTEMPATH/Commands/Server/rewrite.php(47): require_once('/media/guest-r2gcgp/CORTEZ/DS1/trabalhoBiblioteca/codeigniter4-framework-7d393f8/public/index.php')
CRITICAL - 2024-03-26 19:49:52 --> ErrorException: Undefined variable $search
in APPPATH/Controllers/Home.php on line 46.
 1 APPPATH/Controllers/Home.php(46): CodeIgniter\Debug\Exceptions->errorHandler()
 2 SYSTEMPATH/CodeIgniter.php(941): App\Controllers\Home->loginVerify()
 3 SYSTEMPATH/CodeIgniter.php(502): CodeIgniter\CodeIgniter->runController()
 4 SYSTEMPATH/CodeIgniter.php(361): CodeIgniter\CodeIgniter->handleRequest()
 5 FCPATH/index.php(79): CodeIgniter\CodeIgniter->run()
 6 SYSTEMPATH/Commands/Server/rewrite.php(47): require_once('/media/guest-r2gcgp/CORTEZ/DS1/trabalhoBiblioteca/codeigniter4-framework-7d393f8/public/index.php')
CRITICAL - 2024-03-26 19:50:26 --> TypeError: CodeIgniter\Database\BaseBuilder::like(): Argument #2 ($match) must be of type string, null given, called in /media/guest-r2gcgp/CORTEZ/DS1/trabalhoBiblioteca/codeigniter4-framework-7d393f8/app/Controllers/Home.php on line 46
in SYSTEMPATH/Database/BaseBuilder.php on line 984.
 1 APPPATH/Controllers/Home.php(46): CodeIgniter\Database\BaseBuilder->like()
 2 SYSTEMPATH/CodeIgniter.php(941): App\Controllers\Home->loginVerify()
 3 SYSTEMPATH/CodeIgniter.php(502): CodeIgniter\CodeIgniter->runController()
 4 SYSTEMPATH/CodeIgniter.php(361): CodeIgniter\CodeIgniter->handleRequest()
 5 FCPATH/index.php(79): CodeIgniter\CodeIgniter->run()
 6 SYSTEMPATH/Commands/Server/rewrite.php(47): require_once('/media/guest-r2gcgp/CORTEZ/DS1/trabalhoBiblioteca/codeigniter4-framework-7d393f8/public/index.php')
CRITICAL - 2024-03-26 19:51:58 --> TypeError: CodeIgniter\Database\BaseBuilder::like(): Argument #2 ($match) must be of type string, null given, called in /media/guest-r2gcgp/CORTEZ/DS1/trabalhoBiblioteca/codeigniter4-framework-7d393f8/app/Controllers/Home.php on line 46
in SYSTEMPATH/Database/BaseBuilder.php on line 984.
 1 APPPATH/Controllers/Home.php(46): CodeIgniter\Database\BaseBuilder->like()
 2 SYSTEMPATH/CodeIgniter.php(941): App\Controllers\Home->loginVerify()
 3 SYSTEMPATH/CodeIgniter.php(502): CodeIgniter\CodeIgniter->runController()
 4 SYSTEMPATH/CodeIgniter.php(361): CodeIgniter\CodeIgniter->handleRequest()
 5 FCPATH/index.php(79): CodeIgniter\CodeIgniter->run()
 6 SYSTEMPATH/Commands/Server/rewrite.php(47): require_once('/media/guest-r2gcgp/CORTEZ/DS1/trabalhoBiblioteca/codeigniter4-framework-7d393f8/public/index.php')
CRITICAL - 2024-03-26 19:56:28 --> ErrorException: Undefined variable $userModel
in APPPATH/Controllers/Home.php on line 44.
 1 APPPATH/Controllers/Home.php(44): CodeIgniter\Debug\Exceptions->errorHandler()
 2 SYSTEMPATH/CodeIgniter.php(941): App\Controllers\Home->loginVerify()
 3 SYSTEMPATH/CodeIgniter.php(502): CodeIgniter\CodeIgniter->runController()
 4 SYSTEMPATH/CodeIgniter.php(361): CodeIgniter\CodeIgniter->handleRequest()
 5 FCPATH/index.php(79): CodeIgniter\CodeIgniter->run()
 6 SYSTEMPATH/Commands/Server/rewrite.php(47): require_once('/media/guest-r2gcgp/CORTEZ/DS1/trabalhoBiblioteca/codeigniter4-framework-7d393f8/public/index.php')
CRITICAL - 2024-03-26 19:56:54 --> ErrorException: Undefined variable $usuariosModel
in APPPATH/Controllers/Home.php on line 44.
 1 APPPATH/Controllers/Home.php(44): CodeIgniter\Debug\Exceptions->errorHandler()
 2 SYSTEMPATH/CodeIgniter.php(941): App\Controllers\Home->loginVerify()
 3 SYSTEMPATH/CodeIgniter.php(502): CodeIgniter\CodeIgniter->runController()
 4 SYSTEMPATH/CodeIgniter.php(361): CodeIgniter\CodeIgniter->handleRequest()
 5 FCPATH/index.php(79): CodeIgniter\CodeIgniter->run()
 6 SYSTEMPATH/Commands/Server/rewrite.php(47): require_once('/media/guest-r2gcgp/CORTEZ/DS1/trabalhoBiblioteca/codeigniter4-framework-7d393f8/public/index.php')
CRITICAL - 2024-03-26 19:57:08 --> ErrorException: Trying to access array offset on value of type null
in APPPATH/Controllers/Home.php on line 48.
 1 APPPATH/Controllers/Home.php(48): CodeIgniter\Debug\Exceptions->errorHandler()
 2 SYSTEMPATH/CodeIgniter.php(941): App\Controllers\Home->loginVerify()
 3 SYSTEMPATH/CodeIgniter.php(502): CodeIgniter\CodeIgniter->runController()
 4 SYSTEMPATH/CodeIgniter.php(361): CodeIgniter\CodeIgniter->handleRequest()
 5 FCPATH/index.php(79): CodeIgniter\CodeIgniter->run()
 6 SYSTEMPATH/Commands/Server/rewrite.php(47): require_once('/media/guest-r2gcgp/CORTEZ/DS1/trabalhoBiblioteca/codeigniter4-framework-7d393f8/public/index.php')
CRITICAL - 2024-03-26 19:58:04 --> ErrorException: Trying to access array offset on value of type null
in APPPATH/Controllers/Home.php on line 50.
 1 APPPATH/Controllers/Home.php(50): CodeIgniter\Debug\Exceptions->errorHandler()
 2 SYSTEMPATH/CodeIgniter.php(941): App\Controllers\Home->loginVerify()
 3 SYSTEMPATH/CodeIgniter.php(502): CodeIgniter\CodeIgniter->runController()
 4 SYSTEMPATH/CodeIgniter.php(361): CodeIgniter\CodeIgniter->handleRequest()
 5 FCPATH/index.php(79): CodeIgniter\CodeIgniter->run()
 6 SYSTEMPATH/Commands/Server/rewrite.php(47): require_once('/media/guest-r2gcgp/CORTEZ/DS1/trabalhoBiblioteca/codeigniter4-framework-7d393f8/public/index.php')
CRITICAL - 2024-03-26 19:58:37 --> ErrorException: Undefined variable $verify
in APPPATH/Controllers/Home.php on line 52.
 1 APPPATH/Controllers/Home.php(52): CodeIgniter\Debug\Exceptions->errorHandler()
 2 SYSTEMPATH/CodeIgniter.php(941): App\Controllers\Home->loginVerify()
 3 SYSTEMPATH/CodeIgniter.php(502): CodeIgniter\CodeIgniter->runController()
 4 SYSTEMPATH/CodeIgniter.php(361): CodeIgniter\CodeIgniter->handleRequest()
 5 FCPATH/index.php(79): CodeIgniter\CodeIgniter->run()
 6 SYSTEMPATH/Commands/Server/rewrite.php(47): require_once('/media/guest-r2gcgp/CORTEZ/DS1/trabalhoBiblioteca/codeigniter4-framework-7d393f8/public/index.php')
CRITICAL - 2024-03-26 19:58:49 --> TypeError: App\Controllers\Home::loginVerify(): Return value must be of type string, none returned
in APPPATH/Controllers/Home.php on line 57.
 1 SYSTEMPATH/CodeIgniter.php(941): App\Controllers\Home->loginVerify()
 2 SYSTEMPATH/CodeIgniter.php(502): CodeIgniter\CodeIgniter->runController()
 3 SYSTEMPATH/CodeIgniter.php(361): CodeIgniter\CodeIgniter->handleRequest()
 4 FCPATH/index.php(79): CodeIgniter\CodeIgniter->run()
 5 SYSTEMPATH/Commands/Server/rewrite.php(47): require_once('/media/guest-r2gcgp/CORTEZ/DS1/trabalhoBiblioteca/codeigniter4-framework-7d393f8/public/index.php')
CRITICAL - 2024-03-26 20:16:41 --> ParseError: syntax error, unexpected single-quoted string "Incorrect Password!"
in APPPATH/Controllers/Home.php on line 54.
 1 SYSTEMPATH/Autoloader/Autoloader.php(290): CodeIgniter\Autoloader\Autoloader->includeFile()
 2 SYSTEMPATH/Autoloader/Autoloader.php(266): CodeIgniter\Autoloader\Autoloader->loadInNamespace()
 3 [internal function]: CodeIgniter\Autoloader\Autoloader->loadClass()
 4 SYSTEMPATH/CodeIgniter.php(899): class_exists()
 5 SYSTEMPATH/CodeIgniter.php(489): CodeIgniter\CodeIgniter->startController()
 6 SYSTEMPATH/CodeIgniter.php(361): CodeIgniter\CodeIgniter->handleRequest()
 7 FCPATH/index.php(79): CodeIgniter\CodeIgniter->run()
 8 SYSTEMPATH/Commands/Server/rewrite.php(47): require_once('/media/guest-r2gcgp/CORTEZ/DS1/trabalhoBiblioteca/codeigniter4-framework-7d393f8/public/index.php')
CRITICAL - 2024-03-26 20:16:45 --> ParseError: syntax error, unexpected single-quoted string "Incorrect Password!"
in APPPATH/Controllers/Home.php on line 54.
 1 SYSTEMPATH/Autoloader/Autoloader.php(290): CodeIgniter\Autoloader\Autoloader->includeFile()
 2 SYSTEMPATH/Autoloader/Autoloader.php(266): CodeIgniter\Autoloader\Autoloader->loadInNamespace()
 3 [internal function]: CodeIgniter\Autoloader\Autoloader->loadClass()
 4 SYSTEMPATH/CodeIgniter.php(899): class_exists()
 5 SYSTEMPATH/CodeIgniter.php(489): CodeIgniter\CodeIgniter->startController()
 6 SYSTEMPATH/CodeIgniter.php(361): CodeIgniter\CodeIgniter->handleRequest()
 7 FCPATH/index.php(79): CodeIgniter\CodeIgniter->run()
 8 SYSTEMPATH/Commands/Server/rewrite.php(47): require_once('/media/guest-r2gcgp/CORTEZ/DS1/trabalhoBiblioteca/codeigniter4-framework-7d393f8/public/index.php')
CRITICAL - 2024-03-26 20:16:47 --> ParseError: syntax error, unexpected single-quoted string "Incorrect Password!"
in APPPATH/Controllers/Home.php on line 54.
 1 SYSTEMPATH/Autoloader/Autoloader.php(290): CodeIgniter\Autoloader\Autoloader->includeFile()
 2 SYSTEMPATH/Autoloader/Autoloader.php(266): CodeIgniter\Autoloader\Autoloader->loadInNamespace()
 3 [internal function]: CodeIgniter\Autoloader\Autoloader->loadClass()
 4 SYSTEMPATH/CodeIgniter.php(899): class_exists()
 5 SYSTEMPATH/CodeIgniter.php(489): CodeIgniter\CodeIgniter->startController()
 6 SYSTEMPATH/CodeIgniter.php(361): CodeIgniter\CodeIgniter->handleRequest()
 7 FCPATH/index.php(79): CodeIgniter\CodeIgniter->run()
 8 SYSTEMPATH/Commands/Server/rewrite.php(47): require_once('/media/guest-r2gcgp/CORTEZ/DS1/trabalhoBiblioteca/codeigniter4-framework-7d393f8/public/index.php')
CRITICAL - 2024-03-26 20:17:21 --> ErrorException: Trying to access array offset on value of type null
in APPPATH/Controllers/Home.php on line 48.
 1 APPPATH/Controllers/Home.php(48): CodeIgniter\Debug\Exceptions->errorHandler()
 2 SYSTEMPATH/CodeIgniter.php(941): App\Controllers\Home->loginVerify()
 3 SYSTEMPATH/CodeIgniter.php(502): CodeIgniter\CodeIgniter->runController()
 4 SYSTEMPATH/CodeIgniter.php(361): CodeIgniter\CodeIgniter->handleRequest()
 5 FCPATH/index.php(79): CodeIgniter\CodeIgniter->run()
 6 SYSTEMPATH/Commands/Server/rewrite.php(47): require_once('/media/guest-r2gcgp/CORTEZ/DS1/trabalhoBiblioteca/codeigniter4-framework-7d393f8/public/index.php')
CRITICAL - 2024-03-26 20:18:52 --> ErrorException: Trying to access array offset on value of type null
in APPPATH/Controllers/Home.php on line 48.
 1 APPPATH/Controllers/Home.php(48): CodeIgniter\Debug\Exceptions->errorHandler()
 2 SYSTEMPATH/CodeIgniter.php(941): App\Controllers\Home->loginVerify()
 3 SYSTEMPATH/CodeIgniter.php(502): CodeIgniter\CodeIgniter->runController()
 4 SYSTEMPATH/CodeIgniter.php(361): CodeIgniter\CodeIgniter->handleRequest()
 5 FCPATH/index.php(79): CodeIgniter\CodeIgniter->run()
 6 SYSTEMPATH/Commands/Server/rewrite.php(47): require_once('/media/guest-r2gcgp/CORTEZ/DS1/trabalhoBiblioteca/codeigniter4-framework-7d393f8/public/index.php')
CRITICAL - 2024-03-26 20:19:40 --> ErrorException: Trying to access array offset on value of type null
in APPPATH/Controllers/Home.php on line 48.
 1 APPPATH/Controllers/Home.php(48): CodeIgniter\Debug\Exceptions->errorHandler()
 2 SYSTEMPATH/CodeIgniter.php(941): App\Controllers\Home->loginVerify()
 3 SYSTEMPATH/CodeIgniter.php(502): CodeIgniter\CodeIgniter->runController()
 4 SYSTEMPATH/CodeIgniter.php(361): CodeIgniter\CodeIgniter->handleRequest()
 5 FCPATH/index.php(79): CodeIgniter\CodeIgniter->run()
 6 SYSTEMPATH/Commands/Server/rewrite.php(47): require_once('/media/guest-r2gcgp/CORTEZ/DS1/trabalhoBiblioteca/codeigniter4-framework-7d393f8/public/index.php')
CRITICAL - 2024-03-26 20:34:26 --> ErrorException: Trying to access array offset on value of type null
in APPPATH/Controllers/Home.php on line 48.
 1 APPPATH/Controllers/Home.php(48): CodeIgniter\Debug\Exceptions->errorHandler()
 2 SYSTEMPATH/CodeIgniter.php(941): App\Controllers\Home->loginVerify()
 3 SYSTEMPATH/CodeIgniter.php(502): CodeIgniter\CodeIgniter->runController()
 4 SYSTEMPATH/CodeIgniter.php(361): CodeIgniter\CodeIgniter->handleRequest()
 5 FCPATH/index.php(79): CodeIgniter\CodeIgniter->run()
 6 SYSTEMPATH/Commands/Server/rewrite.php(47): require_once('/media/guest-r2gcgp/CORTEZ/DS1/trabalhoBiblioteca/codeigniter4-framework-7d393f8/public/index.php')
