ERROR - 2024-03-12 17:59:25 --> Error connecting to the database: mysqli_sql_exception: Unknown database 'ci4' in /media/guest-4wqr1h/CORTEZ/DS1/aula4/codeigniter4-framework-7d393f8/system/Database/MySQLi/Connection.php:185
Stack trace:
#0 /media/guest-4wqr1h/CORTEZ/DS1/aula4/codeigniter4-framework-7d393f8/system/Database/MySQLi/Connection.php(185): mysqli->real_connect()
#1 /media/guest-4wqr1h/CORTEZ/DS1/aula4/codeigniter4-framework-7d393f8/system/Database/BaseConnection.php(392): CodeIgniter\Database\MySQLi\Connection->connect()
#2 /media/guest-4wqr1h/CORTEZ/DS1/aula4/codeigniter4-framework-7d393f8/system/Database/BaseConnection.php(575): CodeIgniter\Database\BaseConnection->initialize()
#3 /media/guest-4wqr1h/CORTEZ/DS1/aula4/codeigniter4-framework-7d393f8/system/Database/BaseBuilder.php(2307): CodeIgniter\Database\BaseConnection->query()
#4 /media/guest-4wqr1h/CORTEZ/DS1/aula4/codeigniter4-framework-7d393f8/system/Model.php(326): CodeIgniter\Database\BaseBuilder->insert()
#5 /media/guest-4wqr1h/CORTEZ/DS1/aula4/codeigniter4-framework-7d393f8/system/BaseModel.php(802): CodeIgniter\Model->doInsert()
#6 /media/guest-4wqr1h/CORTEZ/DS1/aula4/codeigniter4-framework-7d393f8/system/Model.php(744): CodeIgniter\BaseModel->insert()
#7 /media/guest-4wqr1h/CORTEZ/DS1/aula4/codeigniter4-framework-7d393f8/app/Controllers/Home.php(30): CodeIgniter\Model->insert()
#8 /media/guest-4wqr1h/CORTEZ/DS1/aula4/codeigniter4-framework-7d393f8/system/CodeIgniter.php(941): App\Controllers\Home->receiveData()
#9 /media/guest-4wqr1h/CORTEZ/DS1/aula4/codeigniter4-framework-7d393f8/system/CodeIgniter.php(502): CodeIgniter\CodeIgniter->runController()
#10 /media/guest-4wqr1h/CORTEZ/DS1/aula4/codeigniter4-framework-7d393f8/system/CodeIgniter.php(361): CodeIgniter\CodeIgniter->handleRequest()
#11 /media/guest-4wqr1h/CORTEZ/DS1/aula4/codeigniter4-framework-7d393f8/public/index.php(79): CodeIgniter\CodeIgniter->run()
#12 /media/guest-4wqr1h/CORTEZ/DS1/aula4/codeigniter4-framework-7d393f8/system/Commands/Server/rewrite.php(47): require_once('...')
#13 {main}

Next CodeIgniter\Database\Exceptions\DatabaseException: Unknown database 'ci4' in /media/guest-4wqr1h/CORTEZ/DS1/aula4/codeigniter4-framework-7d393f8/system/Database/MySQLi/Connection.php:229
Stack trace:
#0 /media/guest-4wqr1h/CORTEZ/DS1/aula4/codeigniter4-framework-7d393f8/system/Database/BaseConnection.php(392): CodeIgniter\Database\MySQLi\Connection->connect()
#1 /media/guest-4wqr1h/CORTEZ/DS1/aula4/codeigniter4-framework-7d393f8/system/Database/BaseConnection.php(575): CodeIgniter\Database\BaseConnection->initialize()
#2 /media/guest-4wqr1h/CORTEZ/DS1/aula4/codeigniter4-framework-7d393f8/system/Database/BaseBuilder.php(2307): CodeIgniter\Database\BaseConnection->query()
#3 /media/guest-4wqr1h/CORTEZ/DS1/aula4/codeigniter4-framework-7d393f8/system/Model.php(326): CodeIgniter\Database\BaseBuilder->insert()
#4 /media/guest-4wqr1h/CORTEZ/DS1/aula4/codeigniter4-framework-7d393f8/system/BaseModel.php(802): CodeIgniter\Model->doInsert()
#5 /media/guest-4wqr1h/CORTEZ/DS1/aula4/codeigniter4-framework-7d393f8/system/Model.php(744): CodeIgniter\BaseModel->insert()
#6 /media/guest-4wqr1h/CORTEZ/DS1/aula4/codeigniter4-framework-7d393f8/app/Controllers/Home.php(30): CodeIgniter\Model->insert()
#7 /media/guest-4wqr1h/CORTEZ/DS1/aula4/codeigniter4-framework-7d393f8/system/CodeIgniter.php(941): App\Controllers\Home->receiveData()
#8 /media/guest-4wqr1h/CORTEZ/DS1/aula4/codeigniter4-framework-7d393f8/system/CodeIgniter.php(502): CodeIgniter\CodeIgniter->runController()
#9 /media/guest-4wqr1h/CORTEZ/DS1/aula4/codeigniter4-framework-7d393f8/system/CodeIgniter.php(361): CodeIgniter\CodeIgniter->handleRequest()
#10 /media/guest-4wqr1h/CORTEZ/DS1/aula4/codeigniter4-framework-7d393f8/public/index.php(79): CodeIgniter\CodeIgniter->run()
#11 /media/guest-4wqr1h/CORTEZ/DS1/aula4/codeigniter4-framework-7d393f8/system/Commands/Server/rewrite.php(47): require_once('...')
#12 {main}
CRITICAL - 2024-03-12 17:59:25 --> CodeIgniter\Database\Exceptions\DatabaseException: Unable to connect to the database.
Main connection [MySQLi]: Unknown database 'ci4'
in SYSTEMPATH/Database/BaseConnection.php on line 428.
 1 SYSTEMPATH/Database/BaseConnection.php(575): CodeIgniter\Database\BaseConnection->initialize()
 2 SYSTEMPATH/Database/BaseBuilder.php(2307): CodeIgniter\Database\BaseConnection->query()
 3 SYSTEMPATH/Model.php(326): CodeIgniter\Database\BaseBuilder->insert()
 4 SYSTEMPATH/BaseModel.php(802): CodeIgniter\Model->doInsert()
 5 SYSTEMPATH/Model.php(744): CodeIgniter\BaseModel->insert()
 6 APPPATH/Controllers/Home.php(30): CodeIgniter\Model->insert()
 7 SYSTEMPATH/CodeIgniter.php(941): App\Controllers\Home->receiveData()
 8 SYSTEMPATH/CodeIgniter.php(502): CodeIgniter\CodeIgniter->runController()
 9 SYSTEMPATH/CodeIgniter.php(361): CodeIgniter\CodeIgniter->handleRequest()
10 FCPATH/index.php(79): CodeIgniter\CodeIgniter->run()
11 SYSTEMPATH/Commands/Server/rewrite.php(47): require_once('/media/guest-4wqr1h/CORTEZ/DS1/aula4/codeigniter4-framework-7d393f8/public/index.php')
CRITICAL - 2024-03-12 18:19:19 --> ParseError: syntax error, unexpected token "."
in APPPATH/Views/resultado.php on line 15.
 1 SYSTEMPATH/View/View.php(231): CodeIgniter\View\View->CodeIgniter\View\{closure}()
 2 SYSTEMPATH/Common.php(1178): CodeIgniter\View\View->render()
 3 APPPATH/Controllers/Home.php(34): view()
 4 SYSTEMPATH/CodeIgniter.php(941): App\Controllers\Home->receiveData()
 5 SYSTEMPATH/CodeIgniter.php(502): CodeIgniter\CodeIgniter->runController()
 6 SYSTEMPATH/CodeIgniter.php(361): CodeIgniter\CodeIgniter->handleRequest()
 7 FCPATH/index.php(79): CodeIgniter\CodeIgniter->run()
 8 SYSTEMPATH/Commands/Server/rewrite.php(47): require_once('/media/guest-4wqr1h/CORTEZ/DS1/aula4/codeigniter4-framework-7d393f8/public/index.php')
CRITICAL - 2024-03-12 18:20:20 --> ParseError: syntax error, unexpected token "."
in APPPATH/Views/resultado.php on line 15.
 1 SYSTEMPATH/View/View.php(231): CodeIgniter\View\View->CodeIgniter\View\{closure}()
 2 SYSTEMPATH/Common.php(1178): CodeIgniter\View\View->render()
 3 APPPATH/Controllers/Home.php(34): view()
 4 SYSTEMPATH/CodeIgniter.php(941): App\Controllers\Home->receiveData()
 5 SYSTEMPATH/CodeIgniter.php(502): CodeIgniter\CodeIgniter->runController()
 6 SYSTEMPATH/CodeIgniter.php(361): CodeIgniter\CodeIgniter->handleRequest()
 7 FCPATH/index.php(79): CodeIgniter\CodeIgniter->run()
 8 SYSTEMPATH/Commands/Server/rewrite.php(47): require_once('/media/guest-4wqr1h/CORTEZ/DS1/aula4/codeigniter4-framework-7d393f8/public/index.php')
CRITICAL - 2024-03-12 18:23:02 --> ParseError: Unclosed '{' on line 14
in APPPATH/Views/resultado.php on line 26.
 1 SYSTEMPATH/View/View.php(231): CodeIgniter\View\View->CodeIgniter\View\{closure}()
 2 SYSTEMPATH/Common.php(1178): CodeIgniter\View\View->render()
 3 APPPATH/Controllers/Home.php(34): view()
 4 SYSTEMPATH/CodeIgniter.php(941): App\Controllers\Home->receiveData()
 5 SYSTEMPATH/CodeIgniter.php(502): CodeIgniter\CodeIgniter->runController()
 6 SYSTEMPATH/CodeIgniter.php(361): CodeIgniter\CodeIgniter->handleRequest()
 7 FCPATH/index.php(79): CodeIgniter\CodeIgniter->run()
 8 SYSTEMPATH/Commands/Server/rewrite.php(47): require_once('/media/guest-4wqr1h/CORTEZ/DS1/aula4/codeigniter4-framework-7d393f8/public/index.php')
CRITICAL - 2024-03-12 18:23:36 --> ParseError: Unclosed '{' on line 14
in APPPATH/Views/resultado.php on line 26.
 1 SYSTEMPATH/View/View.php(231): CodeIgniter\View\View->CodeIgniter\View\{closure}()
 2 SYSTEMPATH/Common.php(1178): CodeIgniter\View\View->render()
 3 APPPATH/Controllers/Home.php(34): view()
 4 SYSTEMPATH/CodeIgniter.php(941): App\Controllers\Home->receiveData()
 5 SYSTEMPATH/CodeIgniter.php(502): CodeIgniter\CodeIgniter->runController()
 6 SYSTEMPATH/CodeIgniter.php(361): CodeIgniter\CodeIgniter->handleRequest()
 7 FCPATH/index.php(79): CodeIgniter\CodeIgniter->run()
 8 SYSTEMPATH/Commands/Server/rewrite.php(47): require_once('/media/guest-4wqr1h/CORTEZ/DS1/aula4/codeigniter4-framework-7d393f8/public/index.php')
CRITICAL - 2024-03-12 18:47:05 --> BadMethodCallException: Call to undefined method App\Models\UsuariosModel::remove
in SYSTEMPATH/Model.php on line 874.
 1 APPPATH/Controllers/Home.php(43): CodeIgniter\Model->__call()
 2 SYSTEMPATH/CodeIgniter.php(941): App\Controllers\Home->deleteData()
 3 SYSTEMPATH/CodeIgniter.php(502): CodeIgniter\CodeIgniter->runController()
 4 SYSTEMPATH/CodeIgniter.php(361): CodeIgniter\CodeIgniter->handleRequest()
 5 FCPATH/index.php(79): CodeIgniter\CodeIgniter->run()
 6 SYSTEMPATH/Commands/Server/rewrite.php(47): require_once('/media/guest-4wqr1h/CORTEZ/DS1/aula4/codeigniter4-framework-7d393f8/public/index.php')
CRITICAL - 2024-03-12 19:26:40 --> CodeIgniter\Database\Exceptions\DatabaseException: Deletes are not allowed unless they contain a "where" or "like" clause.
in SYSTEMPATH/Database/BaseBuilder.php on line 2763.
 1 SYSTEMPATH/Model.php(453): CodeIgniter\Database\BaseBuilder->delete()
 2 SYSTEMPATH/BaseModel.php(1117): CodeIgniter\Model->doDelete()
 3 APPPATH/Controllers/Home.php(40): CodeIgniter\BaseModel->delete()
 4 SYSTEMPATH/CodeIgniter.php(941): App\Controllers\Home->deleteData()
 5 SYSTEMPATH/CodeIgniter.php(502): CodeIgniter\CodeIgniter->runController()
 6 SYSTEMPATH/CodeIgniter.php(361): CodeIgniter\CodeIgniter->handleRequest()
 7 FCPATH/index.php(79): CodeIgniter\CodeIgniter->run()
 8 SYSTEMPATH/Commands/Server/rewrite.php(47): require_once('/media/guest-4wqr1h/CORTEZ/DS1/aula4/codeigniter4-framework-7d393f8/public/index.php')
CRITICAL - 2024-03-12 19:29:41 --> CodeIgniter\Database\Exceptions\DatabaseException: Deletes are not allowed unless they contain a "where" or "like" clause.
in SYSTEMPATH/Database/BaseBuilder.php on line 2763.
 1 SYSTEMPATH/Model.php(453): CodeIgniter\Database\BaseBuilder->delete()
 2 SYSTEMPATH/BaseModel.php(1117): CodeIgniter\Model->doDelete()
 3 APPPATH/Controllers/Home.php(40): CodeIgniter\BaseModel->delete()
 4 SYSTEMPATH/CodeIgniter.php(941): App\Controllers\Home->deleteData()
 5 SYSTEMPATH/CodeIgniter.php(502): CodeIgniter\CodeIgniter->runController()
 6 SYSTEMPATH/CodeIgniter.php(361): CodeIgniter\CodeIgniter->handleRequest()
 7 FCPATH/index.php(79): CodeIgniter\CodeIgniter->run()
 8 SYSTEMPATH/Commands/Server/rewrite.php(47): require_once('/media/guest-4wqr1h/CORTEZ/DS1/aula4/codeigniter4-framework-7d393f8/public/index.php')
CRITICAL - 2024-03-12 19:30:25 --> CodeIgniter\Database\Exceptions\DatabaseException: Deletes are not allowed unless they contain a "where" or "like" clause.
in SYSTEMPATH/Database/BaseBuilder.php on line 2763.
 1 SYSTEMPATH/Model.php(453): CodeIgniter\Database\BaseBuilder->delete()
 2 SYSTEMPATH/BaseModel.php(1117): CodeIgniter\Model->doDelete()
 3 APPPATH/Controllers/Home.php(40): CodeIgniter\BaseModel->delete()
 4 SYSTEMPATH/CodeIgniter.php(941): App\Controllers\Home->deleteData()
 5 SYSTEMPATH/CodeIgniter.php(502): CodeIgniter\CodeIgniter->runController()
 6 SYSTEMPATH/CodeIgniter.php(361): CodeIgniter\CodeIgniter->handleRequest()
 7 FCPATH/index.php(79): CodeIgniter\CodeIgniter->run()
 8 SYSTEMPATH/Commands/Server/rewrite.php(47): require_once('/media/guest-4wqr1h/CORTEZ/DS1/aula4/codeigniter4-framework-7d393f8/public/index.php')
CRITICAL - 2024-03-12 19:31:14 --> ErrorException: Undefined variable $resultado
in APPPATH/Views/resultado.php on line 14.
 1 APPPATH/Views/resultado.php(14): CodeIgniter\Debug\Exceptions->errorHandler()
 2 SYSTEMPATH/View/View.php(228): include('/media/guest-4wqr1h/CORTEZ/DS1/aula4/codeigniter4-framework-7d393f8/app/Views/resultado.php')
 3 SYSTEMPATH/View/View.php(231): CodeIgniter\View\View->CodeIgniter\View\{closure}()
 4 SYSTEMPATH/Common.php(1178): CodeIgniter\View\View->render()
 5 APPPATH/Controllers/Home.php(15): view()
 6 SYSTEMPATH/CodeIgniter.php(941): App\Controllers\Home->resultado()
 7 SYSTEMPATH/CodeIgniter.php(502): CodeIgniter\CodeIgniter->runController()
 8 SYSTEMPATH/CodeIgniter.php(361): CodeIgniter\CodeIgniter->handleRequest()
 9 FCPATH/index.php(79): CodeIgniter\CodeIgniter->run()
10 SYSTEMPATH/Commands/Server/rewrite.php(47): require_once('/media/guest-4wqr1h/CORTEZ/DS1/aula4/codeigniter4-framework-7d393f8/public/index.php')
CRITICAL - 2024-03-12 19:36:57 --> ParseError: syntax error, unexpected token "->", expecting ";"
in APPPATH/Controllers/Home.php on line 41.
 1 SYSTEMPATH/Autoloader/Autoloader.php(290): CodeIgniter\Autoloader\Autoloader->includeFile()
 2 SYSTEMPATH/Autoloader/Autoloader.php(266): CodeIgniter\Autoloader\Autoloader->loadInNamespace()
 3 [internal function]: CodeIgniter\Autoloader\Autoloader->loadClass()
 4 SYSTEMPATH/CodeIgniter.php(899): class_exists()
 5 SYSTEMPATH/CodeIgniter.php(489): CodeIgniter\CodeIgniter->startController()
 6 SYSTEMPATH/CodeIgniter.php(361): CodeIgniter\CodeIgniter->handleRequest()
 7 FCPATH/index.php(79): CodeIgniter\CodeIgniter->run()
 8 SYSTEMPATH/Commands/Server/rewrite.php(47): require_once('/media/guest-4wqr1h/CORTEZ/DS1/aula4/codeigniter4-framework-7d393f8/public/index.php')
CRITICAL - 2024-03-12 19:37:11 --> ParseError: syntax error, unexpected token "->", expecting ";"
in APPPATH/Controllers/Home.php on line 41.
 1 SYSTEMPATH/Autoloader/Autoloader.php(290): CodeIgniter\Autoloader\Autoloader->includeFile()
 2 SYSTEMPATH/Autoloader/Autoloader.php(266): CodeIgniter\Autoloader\Autoloader->loadInNamespace()
 3 [internal function]: CodeIgniter\Autoloader\Autoloader->loadClass()
 4 SYSTEMPATH/CodeIgniter.php(899): class_exists()
 5 SYSTEMPATH/CodeIgniter.php(489): CodeIgniter\CodeIgniter->startController()
 6 SYSTEMPATH/CodeIgniter.php(361): CodeIgniter\CodeIgniter->handleRequest()
 7 FCPATH/index.php(79): CodeIgniter\CodeIgniter->run()
 8 SYSTEMPATH/Commands/Server/rewrite.php(47): require_once('/media/guest-4wqr1h/CORTEZ/DS1/aula4/codeigniter4-framework-7d393f8/public/index.php')
CRITICAL - 2024-03-12 19:40:07 --> ErrorException: Undefined variable $resultado
in APPPATH/Views/resultado.php on line 14.
 1 APPPATH/Views/resultado.php(14): CodeIgniter\Debug\Exceptions->errorHandler()
 2 SYSTEMPATH/View/View.php(228): include('/media/guest-4wqr1h/CORTEZ/DS1/aula4/codeigniter4-framework-7d393f8/app/Views/resultado.php')
 3 SYSTEMPATH/View/View.php(231): CodeIgniter\View\View->CodeIgniter\View\{closure}()
 4 SYSTEMPATH/Common.php(1178): CodeIgniter\View\View->render()
 5 APPPATH/Controllers/Home.php(15): view()
 6 SYSTEMPATH/CodeIgniter.php(941): App\Controllers\Home->resultado()
 7 SYSTEMPATH/CodeIgniter.php(502): CodeIgniter\CodeIgniter->runController()
 8 SYSTEMPATH/CodeIgniter.php(361): CodeIgniter\CodeIgniter->handleRequest()
 9 FCPATH/index.php(79): CodeIgniter\CodeIgniter->run()
10 SYSTEMPATH/Commands/Server/rewrite.php(47): require_once('/media/guest-4wqr1h/CORTEZ/DS1/aula4/codeigniter4-framework-7d393f8/public/index.php')
CRITICAL - 2024-03-12 19:41:55 --> ErrorException: Undefined variable $resultado
in APPPATH/Views/resultado.php on line 14.
 1 APPPATH/Views/resultado.php(14): CodeIgniter\Debug\Exceptions->errorHandler()
 2 SYSTEMPATH/View/View.php(228): include('/media/guest-4wqr1h/CORTEZ/DS1/aula4/codeigniter4-framework-7d393f8/app/Views/resultado.php')
 3 SYSTEMPATH/View/View.php(231): CodeIgniter\View\View->CodeIgniter\View\{closure}()
 4 SYSTEMPATH/Common.php(1178): CodeIgniter\View\View->render()
 5 APPPATH/Controllers/Home.php(15): view()
 6 SYSTEMPATH/CodeIgniter.php(941): App\Controllers\Home->resultado()
 7 SYSTEMPATH/CodeIgniter.php(502): CodeIgniter\CodeIgniter->runController()
 8 SYSTEMPATH/CodeIgniter.php(361): CodeIgniter\CodeIgniter->handleRequest()
 9 FCPATH/index.php(79): CodeIgniter\CodeIgniter->run()
10 SYSTEMPATH/Commands/Server/rewrite.php(47): require_once('/media/guest-4wqr1h/CORTEZ/DS1/aula4/codeigniter4-framework-7d393f8/public/index.php')
CRITICAL - 2024-03-12 19:41:56 --> ErrorException: Undefined variable $resultado
in APPPATH/Views/resultado.php on line 14.
 1 APPPATH/Views/resultado.php(14): CodeIgniter\Debug\Exceptions->errorHandler()
 2 SYSTEMPATH/View/View.php(228): include('/media/guest-4wqr1h/CORTEZ/DS1/aula4/codeigniter4-framework-7d393f8/app/Views/resultado.php')
 3 SYSTEMPATH/View/View.php(231): CodeIgniter\View\View->CodeIgniter\View\{closure}()
 4 SYSTEMPATH/Common.php(1178): CodeIgniter\View\View->render()
 5 APPPATH/Controllers/Home.php(15): view()
 6 SYSTEMPATH/CodeIgniter.php(941): App\Controllers\Home->resultado()
 7 SYSTEMPATH/CodeIgniter.php(502): CodeIgniter\CodeIgniter->runController()
 8 SYSTEMPATH/CodeIgniter.php(361): CodeIgniter\CodeIgniter->handleRequest()
 9 FCPATH/index.php(79): CodeIgniter\CodeIgniter->run()
10 SYSTEMPATH/Commands/Server/rewrite.php(47): require_once('/media/guest-4wqr1h/CORTEZ/DS1/aula4/codeigniter4-framework-7d393f8/public/index.php')
CRITICAL - 2024-03-12 19:41:59 --> ErrorException: Undefined variable $resultado
in APPPATH/Views/resultado.php on line 14.
 1 APPPATH/Views/resultado.php(14): CodeIgniter\Debug\Exceptions->errorHandler()
 2 SYSTEMPATH/View/View.php(228): include('/media/guest-4wqr1h/CORTEZ/DS1/aula4/codeigniter4-framework-7d393f8/app/Views/resultado.php')
 3 SYSTEMPATH/View/View.php(231): CodeIgniter\View\View->CodeIgniter\View\{closure}()
 4 SYSTEMPATH/Common.php(1178): CodeIgniter\View\View->render()
 5 APPPATH/Controllers/Home.php(15): view()
 6 SYSTEMPATH/CodeIgniter.php(941): App\Controllers\Home->resultado()
 7 SYSTEMPATH/CodeIgniter.php(502): CodeIgniter\CodeIgniter->runController()
 8 SYSTEMPATH/CodeIgniter.php(361): CodeIgniter\CodeIgniter->handleRequest()
 9 FCPATH/index.php(79): CodeIgniter\CodeIgniter->run()
10 SYSTEMPATH/Commands/Server/rewrite.php(47): require_once('/media/guest-4wqr1h/CORTEZ/DS1/aula4/codeigniter4-framework-7d393f8/public/index.php')
CRITICAL - 2024-03-12 19:42:49 --> ErrorException: Undefined variable $resultado
in APPPATH/Views/resultado.php on line 14.
 1 APPPATH/Views/resultado.php(14): CodeIgniter\Debug\Exceptions->errorHandler()
 2 SYSTEMPATH/View/View.php(228): include('/media/guest-4wqr1h/CORTEZ/DS1/aula4/codeigniter4-framework-7d393f8/app/Views/resultado.php')
 3 SYSTEMPATH/View/View.php(231): CodeIgniter\View\View->CodeIgniter\View\{closure}()
 4 SYSTEMPATH/Common.php(1178): CodeIgniter\View\View->render()
 5 APPPATH/Controllers/Home.php(15): view()
 6 SYSTEMPATH/CodeIgniter.php(941): App\Controllers\Home->resultado()
 7 SYSTEMPATH/CodeIgniter.php(502): CodeIgniter\CodeIgniter->runController()
 8 SYSTEMPATH/CodeIgniter.php(361): CodeIgniter\CodeIgniter->handleRequest()
 9 FCPATH/index.php(79): CodeIgniter\CodeIgniter->run()
10 SYSTEMPATH/Commands/Server/rewrite.php(47): require_once('/media/guest-4wqr1h/CORTEZ/DS1/aula4/codeigniter4-framework-7d393f8/public/index.php')
CRITICAL - 2024-03-12 19:43:13 --> CodeIgniter\Database\Exceptions\DatabaseException: Deletes are not allowed unless they contain a "where" or "like" clause.
in SYSTEMPATH/Database/BaseBuilder.php on line 2763.
 1 SYSTEMPATH/Model.php(453): CodeIgniter\Database\BaseBuilder->delete()
 2 SYSTEMPATH/BaseModel.php(1117): CodeIgniter\Model->doDelete()
 3 APPPATH/Controllers/Home.php(48): CodeIgniter\BaseModel->delete()
 4 SYSTEMPATH/CodeIgniter.php(941): App\Controllers\Home->deleteData()
 5 SYSTEMPATH/CodeIgniter.php(502): CodeIgniter\CodeIgniter->runController()
 6 SYSTEMPATH/CodeIgniter.php(361): CodeIgniter\CodeIgniter->handleRequest()
 7 FCPATH/index.php(79): CodeIgniter\CodeIgniter->run()
 8 SYSTEMPATH/Commands/Server/rewrite.php(47): require_once('/media/guest-4wqr1h/CORTEZ/DS1/aula4/codeigniter4-framework-7d393f8/public/index.php')
CRITICAL - 2024-03-12 19:45:10 --> CodeIgniter\Database\Exceptions\DatabaseException: Deletes are not allowed unless they contain a "where" or "like" clause.
in SYSTEMPATH/Database/BaseBuilder.php on line 2763.
 1 SYSTEMPATH/Model.php(453): CodeIgniter\Database\BaseBuilder->delete()
 2 SYSTEMPATH/BaseModel.php(1117): CodeIgniter\Model->doDelete()
 3 APPPATH/Controllers/Home.php(40): CodeIgniter\BaseModel->delete()
 4 SYSTEMPATH/CodeIgniter.php(941): App\Controllers\Home->deleteData()
 5 SYSTEMPATH/CodeIgniter.php(502): CodeIgniter\CodeIgniter->runController()
 6 SYSTEMPATH/CodeIgniter.php(361): CodeIgniter\CodeIgniter->handleRequest()
 7 FCPATH/index.php(79): CodeIgniter\CodeIgniter->run()
 8 SYSTEMPATH/Commands/Server/rewrite.php(47): require_once('/media/guest-4wqr1h/CORTEZ/DS1/aula4/codeigniter4-framework-7d393f8/public/index.php')
CRITICAL - 2024-03-12 19:46:18 --> CodeIgniter\Database\Exceptions\DatabaseException: Deletes are not allowed unless they contain a "where" or "like" clause.
in SYSTEMPATH/Database/BaseBuilder.php on line 2763.
 1 SYSTEMPATH/Model.php(453): CodeIgniter\Database\BaseBuilder->delete()
 2 SYSTEMPATH/BaseModel.php(1117): CodeIgniter\Model->doDelete()
 3 APPPATH/Controllers/Home.php(40): CodeIgniter\BaseModel->delete()
 4 SYSTEMPATH/CodeIgniter.php(941): App\Controllers\Home->deleteData()
 5 SYSTEMPATH/CodeIgniter.php(502): CodeIgniter\CodeIgniter->runController()
 6 SYSTEMPATH/CodeIgniter.php(361): CodeIgniter\CodeIgniter->handleRequest()
 7 FCPATH/index.php(79): CodeIgniter\CodeIgniter->run()
 8 SYSTEMPATH/Commands/Server/rewrite.php(47): require_once('/media/guest-4wqr1h/CORTEZ/DS1/aula4/codeigniter4-framework-7d393f8/public/index.php')
CRITICAL - 2024-03-12 19:49:41 --> CodeIgniter\Database\Exceptions\DatabaseException: Deletes are not allowed unless they contain a "where" or "like" clause.
in SYSTEMPATH/Database/BaseBuilder.php on line 2763.
 1 SYSTEMPATH/Model.php(453): CodeIgniter\Database\BaseBuilder->delete()
 2 SYSTEMPATH/BaseModel.php(1117): CodeIgniter\Model->doDelete()
 3 APPPATH/Controllers/Home.php(40): CodeIgniter\BaseModel->delete()
 4 SYSTEMPATH/CodeIgniter.php(941): App\Controllers\Home->deleteData()
 5 SYSTEMPATH/CodeIgniter.php(502): CodeIgniter\CodeIgniter->runController()
 6 SYSTEMPATH/CodeIgniter.php(361): CodeIgniter\CodeIgniter->handleRequest()
 7 FCPATH/index.php(79): CodeIgniter\CodeIgniter->run()
 8 SYSTEMPATH/Commands/Server/rewrite.php(47): require_once('/media/guest-4wqr1h/CORTEZ/DS1/aula4/codeigniter4-framework-7d393f8/public/index.php')
CRITICAL - 2024-03-12 19:51:12 --> ErrorException: Undefined variable $resultado
in APPPATH/Views/resultado.php on line 14.
 1 APPPATH/Views/resultado.php(14): CodeIgniter\Debug\Exceptions->errorHandler()
 2 SYSTEMPATH/View/View.php(228): include('/media/guest-4wqr1h/CORTEZ/DS1/aula4/codeigniter4-framework-7d393f8/app/Views/resultado.php')
 3 SYSTEMPATH/View/View.php(231): CodeIgniter\View\View->CodeIgniter\View\{closure}()
 4 SYSTEMPATH/Common.php(1178): CodeIgniter\View\View->render()
 5 APPPATH/Controllers/Home.php(15): view()
 6 SYSTEMPATH/CodeIgniter.php(941): App\Controllers\Home->resultado()
 7 SYSTEMPATH/CodeIgniter.php(502): CodeIgniter\CodeIgniter->runController()
 8 SYSTEMPATH/CodeIgniter.php(361): CodeIgniter\CodeIgniter->handleRequest()
 9 FCPATH/index.php(79): CodeIgniter\CodeIgniter->run()
10 SYSTEMPATH/Commands/Server/rewrite.php(47): require_once('/media/guest-4wqr1h/CORTEZ/DS1/aula4/codeigniter4-framework-7d393f8/public/index.php')
CRITICAL - 2024-03-12 19:54:56 --> ErrorException: Undefined variable $resultado
in APPPATH/Views/resultado.php on line 14.
 1 APPPATH/Views/resultado.php(14): CodeIgniter\Debug\Exceptions->errorHandler()
 2 SYSTEMPATH/View/View.php(228): include('/media/guest-4wqr1h/CORTEZ/DS1/aula4/codeigniter4-framework-7d393f8/app/Views/resultado.php')
 3 SYSTEMPATH/View/View.php(231): CodeIgniter\View\View->CodeIgniter\View\{closure}()
 4 SYSTEMPATH/Common.php(1178): CodeIgniter\View\View->render()
 5 APPPATH/Controllers/Home.php(15): view()
 6 SYSTEMPATH/CodeIgniter.php(941): App\Controllers\Home->resultado()
 7 SYSTEMPATH/CodeIgniter.php(502): CodeIgniter\CodeIgniter->runController()
 8 SYSTEMPATH/CodeIgniter.php(361): CodeIgniter\CodeIgniter->handleRequest()
 9 FCPATH/index.php(79): CodeIgniter\CodeIgniter->run()
10 SYSTEMPATH/Commands/Server/rewrite.php(47): require_once('/media/guest-4wqr1h/CORTEZ/DS1/aula4/codeigniter4-framework-7d393f8/public/index.php')
CRITICAL - 2024-03-12 19:55:12 --> ErrorException: Undefined variable $resultado
in APPPATH/Views/resultado.php on line 14.
 1 APPPATH/Views/resultado.php(14): CodeIgniter\Debug\Exceptions->errorHandler()
 2 SYSTEMPATH/View/View.php(228): include('/media/guest-4wqr1h/CORTEZ/DS1/aula4/codeigniter4-framework-7d393f8/app/Views/resultado.php')
 3 SYSTEMPATH/View/View.php(231): CodeIgniter\View\View->CodeIgniter\View\{closure}()
 4 SYSTEMPATH/Common.php(1178): CodeIgniter\View\View->render()
 5 APPPATH/Controllers/Home.php(15): view()
 6 SYSTEMPATH/CodeIgniter.php(941): App\Controllers\Home->resultado()
 7 SYSTEMPATH/CodeIgniter.php(502): CodeIgniter\CodeIgniter->runController()
 8 SYSTEMPATH/CodeIgniter.php(361): CodeIgniter\CodeIgniter->handleRequest()
 9 FCPATH/index.php(79): CodeIgniter\CodeIgniter->run()
10 SYSTEMPATH/Commands/Server/rewrite.php(47): require_once('/media/guest-4wqr1h/CORTEZ/DS1/aula4/codeigniter4-framework-7d393f8/public/index.php')
CRITICAL - 2024-03-12 19:55:32 --> ErrorException: Undefined variable $resultado
in APPPATH/Views/resultado.php on line 14.
 1 APPPATH/Views/resultado.php(14): CodeIgniter\Debug\Exceptions->errorHandler()
 2 SYSTEMPATH/View/View.php(228): include('/media/guest-4wqr1h/CORTEZ/DS1/aula4/codeigniter4-framework-7d393f8/app/Views/resultado.php')
 3 SYSTEMPATH/View/View.php(231): CodeIgniter\View\View->CodeIgniter\View\{closure}()
 4 SYSTEMPATH/Common.php(1178): CodeIgniter\View\View->render()
 5 APPPATH/Controllers/Home.php(15): view()
 6 SYSTEMPATH/CodeIgniter.php(941): App\Controllers\Home->resultado()
 7 SYSTEMPATH/CodeIgniter.php(502): CodeIgniter\CodeIgniter->runController()
 8 SYSTEMPATH/CodeIgniter.php(361): CodeIgniter\CodeIgniter->handleRequest()
 9 FCPATH/index.php(79): CodeIgniter\CodeIgniter->run()
10 SYSTEMPATH/Commands/Server/rewrite.php(47): require_once('/media/guest-4wqr1h/CORTEZ/DS1/aula4/codeigniter4-framework-7d393f8/public/index.php')
CRITICAL - 2024-03-12 20:07:07 --> ErrorException: Undefined variable $resultado
in APPPATH/Views/usuarios.php on line 14.
 1 APPPATH/Views/usuarios.php(14): CodeIgniter\Debug\Exceptions->errorHandler()
 2 SYSTEMPATH/View/View.php(228): include('/media/guest-4wqr1h/CORTEZ/DS1/aula4/codeigniter4-framework-7d393f8/app/Views/usuarios.php')
 3 SYSTEMPATH/View/View.php(231): CodeIgniter\View\View->CodeIgniter\View\{closure}()
 4 SYSTEMPATH/Common.php(1178): CodeIgniter\View\View->render()
 5 APPPATH/Controllers/Home.php(37): view()
 6 SYSTEMPATH/CodeIgniter.php(941): App\Controllers\Home->usuarios()
 7 SYSTEMPATH/CodeIgniter.php(502): CodeIgniter\CodeIgniter->runController()
 8 SYSTEMPATH/CodeIgniter.php(361): CodeIgniter\CodeIgniter->handleRequest()
 9 FCPATH/index.php(79): CodeIgniter\CodeIgniter->run()
10 SYSTEMPATH/Commands/Server/rewrite.php(47): require_once('/media/guest-4wqr1h/CORTEZ/DS1/aula4/codeigniter4-framework-7d393f8/public/index.php')
CRITICAL - 2024-03-12 20:08:08 --> ErrorException: Undefined variable $resultado
in APPPATH/Views/usuarios.php on line 14.
 1 APPPATH/Views/usuarios.php(14): CodeIgniter\Debug\Exceptions->errorHandler()
 2 SYSTEMPATH/View/View.php(228): include('/media/guest-4wqr1h/CORTEZ/DS1/aula4/codeigniter4-framework-7d393f8/app/Views/usuarios.php')
 3 SYSTEMPATH/View/View.php(231): CodeIgniter\View\View->CodeIgniter\View\{closure}()
 4 SYSTEMPATH/Common.php(1178): CodeIgniter\View\View->render()
 5 APPPATH/Controllers/Home.php(37): view()
 6 SYSTEMPATH/CodeIgniter.php(941): App\Controllers\Home->usuarios()
 7 SYSTEMPATH/CodeIgniter.php(502): CodeIgniter\CodeIgniter->runController()
 8 SYSTEMPATH/CodeIgniter.php(361): CodeIgniter\CodeIgniter->handleRequest()
 9 FCPATH/index.php(79): CodeIgniter\CodeIgniter->run()
10 SYSTEMPATH/Commands/Server/rewrite.php(47): require_once('/media/guest-4wqr1h/CORTEZ/DS1/aula4/codeigniter4-framework-7d393f8/public/index.php')
CRITICAL - 2024-03-12 20:11:13 --> ErrorException: Undefined variable $resultado
in APPPATH/Views/usuarios.php on line 14.
 1 APPPATH/Views/usuarios.php(14): CodeIgniter\Debug\Exceptions->errorHandler()
 2 SYSTEMPATH/View/View.php(228): include('/media/guest-4wqr1h/CORTEZ/DS1/aula4/codeigniter4-framework-7d393f8/app/Views/usuarios.php')
 3 SYSTEMPATH/View/View.php(231): CodeIgniter\View\View->CodeIgniter\View\{closure}()
 4 SYSTEMPATH/Common.php(1178): CodeIgniter\View\View->render()
 5 APPPATH/Controllers/Home.php(37): view()
 6 SYSTEMPATH/CodeIgniter.php(941): App\Controllers\Home->usuarios()
 7 SYSTEMPATH/CodeIgniter.php(502): CodeIgniter\CodeIgniter->runController()
 8 SYSTEMPATH/CodeIgniter.php(361): CodeIgniter\CodeIgniter->handleRequest()
 9 FCPATH/index.php(79): CodeIgniter\CodeIgniter->run()
10 SYSTEMPATH/Commands/Server/rewrite.php(47): require_once('/media/guest-4wqr1h/CORTEZ/DS1/aula4/codeigniter4-framework-7d393f8/public/index.php')
CRITICAL - 2024-03-12 20:11:14 --> ErrorException: Undefined variable $resultado
in APPPATH/Views/usuarios.php on line 14.
 1 APPPATH/Views/usuarios.php(14): CodeIgniter\Debug\Exceptions->errorHandler()
 2 SYSTEMPATH/View/View.php(228): include('/media/guest-4wqr1h/CORTEZ/DS1/aula4/codeigniter4-framework-7d393f8/app/Views/usuarios.php')
 3 SYSTEMPATH/View/View.php(231): CodeIgniter\View\View->CodeIgniter\View\{closure}()
 4 SYSTEMPATH/Common.php(1178): CodeIgniter\View\View->render()
 5 APPPATH/Controllers/Home.php(37): view()
 6 SYSTEMPATH/CodeIgniter.php(941): App\Controllers\Home->usuarios()
 7 SYSTEMPATH/CodeIgniter.php(502): CodeIgniter\CodeIgniter->runController()
 8 SYSTEMPATH/CodeIgniter.php(361): CodeIgniter\CodeIgniter->handleRequest()
 9 FCPATH/index.php(79): CodeIgniter\CodeIgniter->run()
10 SYSTEMPATH/Commands/Server/rewrite.php(47): require_once('/media/guest-4wqr1h/CORTEZ/DS1/aula4/codeigniter4-framework-7d393f8/public/index.php')
CRITICAL - 2024-03-12 20:11:14 --> ErrorException: Undefined variable $resultado
in APPPATH/Views/usuarios.php on line 14.
 1 APPPATH/Views/usuarios.php(14): CodeIgniter\Debug\Exceptions->errorHandler()
 2 SYSTEMPATH/View/View.php(228): include('/media/guest-4wqr1h/CORTEZ/DS1/aula4/codeigniter4-framework-7d393f8/app/Views/usuarios.php')
 3 SYSTEMPATH/View/View.php(231): CodeIgniter\View\View->CodeIgniter\View\{closure}()
 4 SYSTEMPATH/Common.php(1178): CodeIgniter\View\View->render()
 5 APPPATH/Controllers/Home.php(37): view()
 6 SYSTEMPATH/CodeIgniter.php(941): App\Controllers\Home->usuarios()
 7 SYSTEMPATH/CodeIgniter.php(502): CodeIgniter\CodeIgniter->runController()
 8 SYSTEMPATH/CodeIgniter.php(361): CodeIgniter\CodeIgniter->handleRequest()
 9 FCPATH/index.php(79): CodeIgniter\CodeIgniter->run()
10 SYSTEMPATH/Commands/Server/rewrite.php(47): require_once('/media/guest-4wqr1h/CORTEZ/DS1/aula4/codeigniter4-framework-7d393f8/public/index.php')
