CRITICAL - 2024-02-27 18:26:17 --> ParseError: syntax error, unexpected identifier "my_view", expecting "]"
in APPPATH/Controllers/Home.php on line 11.
 1 SYSTEMPATH/Autoloader/Autoloader.php(290): CodeIgniter\Autoloader\Autoloader->includeFile()
 2 SYSTEMPATH/Autoloader/Autoloader.php(266): CodeIgniter\Autoloader\Autoloader->loadInNamespace()
 3 [internal function]: CodeIgniter\Autoloader\Autoloader->loadClass()
 4 SYSTEMPATH/CodeIgniter.php(899): class_exists()
 5 SYSTEMPATH/CodeIgniter.php(489): CodeIgniter\CodeIgniter->startController()
 6 SYSTEMPATH/CodeIgniter.php(361): CodeIgniter\CodeIgniter->handleRequest()
 7 FCPATH/index.php(79): CodeIgniter\CodeIgniter->run()
 8 SYSTEMPATH/Commands/Server/rewrite.php(47): require_once('/tmp/guest-5p9m5k/Downloads/codeigniter4-framework-7d393f8/public/index.php')
CRITICAL - 2024-02-27 18:26:59 --> ParseError: syntax error, unexpected identifier "my_view", expecting "]"
in APPPATH/Controllers/Home.php on line 11.
 1 SYSTEMPATH/Autoloader/Autoloader.php(290): CodeIgniter\Autoloader\Autoloader->includeFile()
 2 SYSTEMPATH/Autoloader/Autoloader.php(266): CodeIgniter\Autoloader\Autoloader->loadInNamespace()
 3 [internal function]: CodeIgniter\Autoloader\Autoloader->loadClass()
 4 SYSTEMPATH/CodeIgniter.php(899): class_exists()
 5 SYSTEMPATH/CodeIgniter.php(489): CodeIgniter\CodeIgniter->startController()
 6 SYSTEMPATH/CodeIgniter.php(361): CodeIgniter\CodeIgniter->handleRequest()
 7 FCPATH/index.php(79): CodeIgniter\CodeIgniter->run()
 8 SYSTEMPATH/Commands/Server/rewrite.php(47): require_once('/tmp/guest-5p9m5k/Downloads/codeigniter4-framework-7d393f8/public/index.php')
CRITICAL - 2024-02-27 19:43:48 --> ErrorException: Undefined variable $email
in APPPATH/Views/terceira_view.php on line 16.
 1 APPPATH/Views/terceira_view.php(16): CodeIgniter\Debug\Exceptions->errorHandler()
 2 SYSTEMPATH/View/View.php(228): include('/tmp/guest-5p9m5k/Downloads/codeigniter4-framework-7d393f8/app/Views/terceira_view.php')
 3 SYSTEMPATH/View/View.php(231): CodeIgniter\View\View->CodeIgniter\View\{closure}()
 4 SYSTEMPATH/Common.php(1178): CodeIgniter\View\View->render()
 5 APPPATH/Controllers/Home.php(19): view()
 6 SYSTEMPATH/CodeIgniter.php(941): App\Controllers\Home->terceira()
 7 SYSTEMPATH/CodeIgniter.php(502): CodeIgniter\CodeIgniter->runController()
 8 SYSTEMPATH/CodeIgniter.php(361): CodeIgniter\CodeIgniter->handleRequest()
 9 FCPATH/index.php(79): CodeIgniter\CodeIgniter->run()
10 SYSTEMPATH/Commands/Server/rewrite.php(47): require_once('/tmp/guest-5p9m5k/Downloads/codeigniter4-framework-7d393f8/public/index.php')
CRITICAL - 2024-02-27 19:44:05 --> ErrorException: Undefined variable $email
in APPPATH/Views/terceira_view.php on line 16.
 1 APPPATH/Views/terceira_view.php(16): CodeIgniter\Debug\Exceptions->errorHandler()
 2 SYSTEMPATH/View/View.php(228): include('/tmp/guest-5p9m5k/Downloads/codeigniter4-framework-7d393f8/app/Views/terceira_view.php')
 3 SYSTEMPATH/View/View.php(231): CodeIgniter\View\View->CodeIgniter\View\{closure}()
 4 SYSTEMPATH/Common.php(1178): CodeIgniter\View\View->render()
 5 APPPATH/Controllers/Home.php(19): view()
 6 SYSTEMPATH/CodeIgniter.php(941): App\Controllers\Home->terceira()
 7 SYSTEMPATH/CodeIgniter.php(502): CodeIgniter\CodeIgniter->runController()
 8 SYSTEMPATH/CodeIgniter.php(361): CodeIgniter\CodeIgniter->handleRequest()
 9 FCPATH/index.php(79): CodeIgniter\CodeIgniter->run()
10 SYSTEMPATH/Commands/Server/rewrite.php(47): require_once('/tmp/guest-5p9m5k/Downloads/codeigniter4-framework-7d393f8/public/index.php')
CRITICAL - 2024-02-27 19:47:21 --> ErrorException: Undefined variable $email
in APPPATH/Views/terceira_view.php on line 16.
 1 APPPATH/Views/terceira_view.php(16): CodeIgniter\Debug\Exceptions->errorHandler()
 2 SYSTEMPATH/View/View.php(228): include('/tmp/guest-5p9m5k/Downloads/codeigniter4-framework-7d393f8/app/Views/terceira_view.php')
 3 SYSTEMPATH/View/View.php(231): CodeIgniter\View\View->CodeIgniter\View\{closure}()
 4 SYSTEMPATH/Common.php(1178): CodeIgniter\View\View->render()
 5 APPPATH/Controllers/Home.php(19): view()
 6 SYSTEMPATH/CodeIgniter.php(941): App\Controllers\Home->terceira()
 7 SYSTEMPATH/CodeIgniter.php(502): CodeIgniter\CodeIgniter->runController()
 8 SYSTEMPATH/CodeIgniter.php(361): CodeIgniter\CodeIgniter->handleRequest()
 9 FCPATH/index.php(79): CodeIgniter\CodeIgniter->run()
10 SYSTEMPATH/Commands/Server/rewrite.php(47): require_once('/tmp/guest-5p9m5k/Downloads/codeigniter4-framework-7d393f8/public/index.php')
CRITICAL - 2024-02-27 19:49:53 --> ErrorException: Undefined variable $email
in APPPATH/Views/terceira_view.php on line 16.
 1 APPPATH/Views/terceira_view.php(16): CodeIgniter\Debug\Exceptions->errorHandler()
 2 SYSTEMPATH/View/View.php(228): include('/tmp/guest-5p9m5k/Downloads/codeigniter4-framework-7d393f8/app/Views/terceira_view.php')
 3 SYSTEMPATH/View/View.php(231): CodeIgniter\View\View->CodeIgniter\View\{closure}()
 4 SYSTEMPATH/Common.php(1178): CodeIgniter\View\View->render()
 5 APPPATH/Controllers/Home.php(19): view()
 6 SYSTEMPATH/CodeIgniter.php(941): App\Controllers\Home->terceira()
 7 SYSTEMPATH/CodeIgniter.php(502): CodeIgniter\CodeIgniter->runController()
 8 SYSTEMPATH/CodeIgniter.php(361): CodeIgniter\CodeIgniter->handleRequest()
 9 FCPATH/index.php(79): CodeIgniter\CodeIgniter->run()
10 SYSTEMPATH/Commands/Server/rewrite.php(47): require_once('/tmp/guest-5p9m5k/Downloads/codeigniter4-framework-7d393f8/public/index.php')
CRITICAL - 2024-02-27 19:51:25 --> ErrorException: Undefined variable $email
in APPPATH/Views/terceira_view.php on line 16.
 1 APPPATH/Views/terceira_view.php(16): CodeIgniter\Debug\Exceptions->errorHandler()
 2 SYSTEMPATH/View/View.php(228): include('/tmp/guest-5p9m5k/Downloads/codeigniter4-framework-7d393f8/app/Views/terceira_view.php')
 3 SYSTEMPATH/View/View.php(231): CodeIgniter\View\View->CodeIgniter\View\{closure}()
 4 SYSTEMPATH/Common.php(1178): CodeIgniter\View\View->render()
 5 APPPATH/Controllers/Home.php(19): view()
 6 SYSTEMPATH/CodeIgniter.php(941): App\Controllers\Home->terceira()
 7 SYSTEMPATH/CodeIgniter.php(502): CodeIgniter\CodeIgniter->runController()
 8 SYSTEMPATH/CodeIgniter.php(361): CodeIgniter\CodeIgniter->handleRequest()
 9 FCPATH/index.php(79): CodeIgniter\CodeIgniter->run()
10 SYSTEMPATH/Commands/Server/rewrite.php(47): require_once('/tmp/guest-5p9m5k/Downloads/codeigniter4-framework-7d393f8/public/index.php')
CRITICAL - 2024-02-27 19:51:56 --> ErrorException: Undefined variable $email
in APPPATH/Views/terceira_view.php on line 16.
 1 APPPATH/Views/terceira_view.php(16): CodeIgniter\Debug\Exceptions->errorHandler()
 2 SYSTEMPATH/View/View.php(228): include('/tmp/guest-5p9m5k/Downloads/codeigniter4-framework-7d393f8/app/Views/terceira_view.php')
 3 SYSTEMPATH/View/View.php(231): CodeIgniter\View\View->CodeIgniter\View\{closure}()
 4 SYSTEMPATH/Common.php(1178): CodeIgniter\View\View->render()
 5 APPPATH/Controllers/Home.php(19): view()
 6 SYSTEMPATH/CodeIgniter.php(941): App\Controllers\Home->terceira()
 7 SYSTEMPATH/CodeIgniter.php(502): CodeIgniter\CodeIgniter->runController()
 8 SYSTEMPATH/CodeIgniter.php(361): CodeIgniter\CodeIgniter->handleRequest()
 9 FCPATH/index.php(79): CodeIgniter\CodeIgniter->run()
10 SYSTEMPATH/Commands/Server/rewrite.php(47): require_once('/tmp/guest-5p9m5k/Downloads/codeigniter4-framework-7d393f8/public/index.php')
